*** Start analyzing build configuration ***
*** List of included argument files ***
    Build configuration file:  /proj/enigma/users/kirtan/uvm_studio/.dvt/default.build
*** List of invocations ***
Invocation #1 +dvt_init+xcelium.xrun in /proj/enigma/users/kirtan/uvm_studio/.dvt/default.build at line 21
Invocation #2 +dvt_init+xcelium.xrun in /proj/enigma/users/kirtan/uvm_studio/.dvt/default.build at line 23
Invocation #3 +dvt_init+xcelium.xrun in /proj/enigma/users/kirtan/uvm_studio/.dvt/default.build at line 24
*** Done analyzing build configuration [11 ms] ***

*** Start SystemVerilog build ***
*** Invocation #1***
Loading (1) /cad/cds/xcelium/xcelium23.09.001/tools/methodology/UVM/CDNS-1.1d/sv/src/uvm_pkg.sv ...
Loading (2) /cad/cds/xcelium/xcelium23.09.001/tools/methodology/UVM/CDNS-1.1d/sv/src/uvm_macros.svh ...
Loading (3) /cad/cds/xcelium/xcelium23.09.001/tools/methodology/UVM/CDNS-1.1d/sv/src/macros/uvm_version_defines.svh ...
Loading (4) /cad/cds/xcelium/xcelium23.09.001/tools/methodology/UVM/CDNS-1.1d/sv/src/macros/uvm_version.svh ...
Done /cad/cds/xcelium/xcelium23.09.001/tools/methodology/UVM/CDNS-1.1d/sv/src/macros/uvm_version.svh [0 ms, 3 lines, SystemVerilog_2012] ...
Done /cad/cds/xcelium/xcelium23.09.001/tools/methodology/UVM/CDNS-1.1d/sv/src/macros/uvm_version_defines.svh [1 ms, 52 lines, SystemVerilog_2012] ...
Loading (5) /cad/cds/xcelium/xcelium23.09.001/tools/methodology/UVM/CDNS-1.1d/sv/src/macros/uvm_message_defines.svh ...
Done /cad/cds/xcelium/xcelium23.09.001/tools/methodology/UVM/CDNS-1.1d/sv/src/macros/uvm_message_defines.svh [0 ms, 220 lines, SystemVerilog_2012] ...
Loading (6) /cad/cds/xcelium/xcelium23.09.001/tools/methodology/UVM/CDNS-1.1d/sv/src/macros/uvm_phase_defines.svh ...
Done /cad/cds/xcelium/xcelium23.09.001/tools/methodology/UVM/CDNS-1.1d/sv/src/macros/uvm_phase_defines.svh [0 ms, 130 lines, SystemVerilog_2012] ...
Loading (7) /cad/cds/xcelium/xcelium23.09.001/tools/methodology/UVM/CDNS-1.1d/sv/src/macros/uvm_object_defines.svh ...
Done /cad/cds/xcelium/xcelium23.09.001/tools/methodology/UVM/CDNS-1.1d/sv/src/macros/uvm_object_defines.svh [1 ms, 3677 lines, SystemVerilog_2012] ...
Loading (8) /cad/cds/xcelium/xcelium23.09.001/tools/methodology/UVM/CDNS-1.1d/sv/src/macros/uvm_printer_defines.svh ...
Done /cad/cds/xcelium/xcelium23.09.001/tools/methodology/UVM/CDNS-1.1d/sv/src/macros/uvm_printer_defines.svh [0 ms, 420 lines, SystemVerilog_2012] ...
Loading (9) /cad/cds/xcelium/xcelium23.09.001/tools/methodology/UVM/CDNS-1.1d/sv/src/macros/uvm_tlm_defines.svh ...
Loading (10) /cad/cds/xcelium/xcelium23.09.001/tools/methodology/UVM/CDNS-1.1d/sv/src/tlm1/uvm_tlm_imps.svh ...
Done /cad/cds/xcelium/xcelium23.09.001/tools/methodology/UVM/CDNS-1.1d/sv/src/tlm1/uvm_tlm_imps.svh [1 ms, 363 lines, SystemVerilog_2012] ...
Done /cad/cds/xcelium/xcelium23.09.001/tools/methodology/UVM/CDNS-1.1d/sv/src/macros/uvm_tlm_defines.svh [0 ms, 615 lines, SystemVerilog_2012] ...
Loading (11) /cad/cds/xcelium/xcelium23.09.001/tools/methodology/UVM/CDNS-1.1d/sv/src/macros/uvm_sequence_defines.svh ...
Done /cad/cds/xcelium/xcelium23.09.001/tools/methodology/UVM/CDNS-1.1d/sv/src/macros/uvm_sequence_defines.svh [1 ms, 456 lines, SystemVerilog_2012] ...
Loading (12) /cad/cds/xcelium/xcelium23.09.001/tools/methodology/UVM/CDNS-1.1d/sv/src/macros/uvm_callback_defines.svh ...
Done /cad/cds/xcelium/xcelium23.09.001/tools/methodology/UVM/CDNS-1.1d/sv/src/macros/uvm_callback_defines.svh [1 ms, 301 lines, SystemVerilog_2012] ...
Loading (13) /cad/cds/xcelium/xcelium23.09.001/tools/methodology/UVM/CDNS-1.1d/sv/src/macros/uvm_reg_defines.svh ...
Done /cad/cds/xcelium/xcelium23.09.001/tools/methodology/UVM/CDNS-1.1d/sv/src/macros/uvm_reg_defines.svh [1 ms, 69 lines, SystemVerilog_2012] ...
Loading (14) /cad/cds/xcelium/xcelium23.09.001/tools/methodology/UVM/CDNS-1.1d/sv/src/macros/uvm_deprecated_defines.svh ...
Done /cad/cds/xcelium/xcelium23.09.001/tools/methodology/UVM/CDNS-1.1d/sv/src/macros/uvm_deprecated_defines.svh [0 ms, 251 lines, SystemVerilog_2012] ...
Done /cad/cds/xcelium/xcelium23.09.001/tools/methodology/UVM/CDNS-1.1d/sv/src/uvm_macros.svh [4 ms, 79 lines, SystemVerilog_2012] ...
Loading (15) /cad/cds/xcelium/xcelium23.09.001/tools/methodology/UVM/CDNS-1.1d/sv/src/dpi/uvm_dpi.svh ...
Loading (16) /cad/cds/xcelium/xcelium23.09.001/tools/methodology/UVM/CDNS-1.1d/sv/src/dpi/uvm_hdl.svh ...
Done /cad/cds/xcelium/xcelium23.09.001/tools/methodology/UVM/CDNS-1.1d/sv/src/dpi/uvm_hdl.svh [1 ms, 164 lines, SystemVerilog_2012] ...
Loading (17) /cad/cds/xcelium/xcelium23.09.001/tools/methodology/UVM/CDNS-1.1d/sv/src/dpi/uvm_svcmd_dpi.svh ...
Done /cad/cds/xcelium/xcelium23.09.001/tools/methodology/UVM/CDNS-1.1d/sv/src/dpi/uvm_svcmd_dpi.svh [1 ms, 61 lines, SystemVerilog_2012] ...
Loading (18) /cad/cds/xcelium/xcelium23.09.001/tools/methodology/UVM/CDNS-1.1d/sv/src/dpi/uvm_regex.svh ...
Done /cad/cds/xcelium/xcelium23.09.001/tools/methodology/UVM/CDNS-1.1d/sv/src/dpi/uvm_regex.svh [1 ms, 93 lines, SystemVerilog_2012] ...
Done /cad/cds/xcelium/xcelium23.09.001/tools/methodology/UVM/CDNS-1.1d/sv/src/dpi/uvm_dpi.svh [1 ms, 44 lines, SystemVerilog_2012] ...
Loading (19) /cad/cds/xcelium/xcelium23.09.001/tools/methodology/UVM/CDNS-1.1d/sv/src/base/uvm_base.svh ...
Loading (20) /cad/cds/xcelium/xcelium23.09.001/tools/methodology/UVM/CDNS-1.1d/sv/src/base/uvm_version.svh ...
Done /cad/cds/xcelium/xcelium23.09.001/tools/methodology/UVM/CDNS-1.1d/sv/src/base/uvm_version.svh [0 ms, 37 lines, SystemVerilog_2012] ...
Loading (21) /cad/cds/xcelium/xcelium23.09.001/tools/methodology/UVM/CDNS-1.1d/sv/src/base/uvm_object_globals.svh ...
Done /cad/cds/xcelium/xcelium23.09.001/tools/methodology/UVM/CDNS-1.1d/sv/src/base/uvm_object_globals.svh [4 ms, 677 lines, SystemVerilog_2012] ...
Loading (22) /cad/cds/xcelium/xcelium23.09.001/tools/methodology/UVM/CDNS-1.1d/sv/src/base/uvm_misc.svh ...
Done /cad/cds/xcelium/xcelium23.09.001/tools/methodology/UVM/CDNS-1.1d/sv/src/base/uvm_misc.svh [10 ms, 721 lines, SystemVerilog_2012] ...
Loading (23) /cad/cds/xcelium/xcelium23.09.001/tools/methodology/UVM/CDNS-1.1d/sv/src/base/uvm_object.svh ...
Done /cad/cds/xcelium/xcelium23.09.001/tools/methodology/UVM/CDNS-1.1d/sv/src/base/uvm_object.svh [6 ms, 1329 lines, SystemVerilog_2012] ...
Loading (24) /cad/cds/xcelium/xcelium23.09.001/tools/methodology/UVM/CDNS-1.1d/sv/src/base/uvm_pool.svh ...
Done /cad/cds/xcelium/xcelium23.09.001/tools/methodology/UVM/CDNS-1.1d/sv/src/base/uvm_pool.svh [3 ms, 348 lines, SystemVerilog_2012] ...
Loading (25) /cad/cds/xcelium/xcelium23.09.001/tools/methodology/UVM/CDNS-1.1d/sv/src/base/uvm_queue.svh ...
Done /cad/cds/xcelium/xcelium23.09.001/tools/methodology/UVM/CDNS-1.1d/sv/src/base/uvm_queue.svh [2 ms, 204 lines, SystemVerilog_2012] ...
Loading (26) /cad/cds/xcelium/xcelium23.09.001/tools/methodology/UVM/CDNS-1.1d/sv/src/base/uvm_factory.svh ...
Done /cad/cds/xcelium/xcelium23.09.001/tools/methodology/UVM/CDNS-1.1d/sv/src/base/uvm_factory.svh [12 ms, 1633 lines, SystemVerilog_2012] ...
Loading (27) /cad/cds/xcelium/xcelium23.09.001/tools/methodology/UVM/CDNS-1.1d/sv/src/base/uvm_registry.svh ...
Done /cad/cds/xcelium/xcelium23.09.001/tools/methodology/UVM/CDNS-1.1d/sv/src/base/uvm_registry.svh [2 ms, 366 lines, SystemVerilog_2012] ...
Loading (28) /cad/cds/xcelium/xcelium23.09.001/tools/methodology/UVM/CDNS-1.1d/sv/src/base/uvm_spell_chkr.svh ...
Done /cad/cds/xcelium/xcelium23.09.001/tools/methodology/UVM/CDNS-1.1d/sv/src/base/uvm_spell_chkr.svh [1 ms, 195 lines, SystemVerilog_2012] ...
Loading (29) /cad/cds/xcelium/xcelium23.09.001/tools/methodology/UVM/CDNS-1.1d/sv/src/base/uvm_resource.svh ...
Done /cad/cds/xcelium/xcelium23.09.001/tools/methodology/UVM/CDNS-1.1d/sv/src/base/uvm_resource.svh [7 ms, 1716 lines, SystemVerilog_2012] ...
Loading (30) /cad/cds/xcelium/xcelium23.09.001/tools/methodology/UVM/CDNS-1.1d/sv/src/base/uvm_resource_specializations.svh ...
Done /cad/cds/xcelium/xcelium23.09.001/tools/methodology/UVM/CDNS-1.1d/sv/src/base/uvm_resource_specializations.svh [3 ms, 171 lines, SystemVerilog_2012] ...
Loading (31) /cad/cds/xcelium/xcelium23.09.001/tools/methodology/UVM/CDNS-1.1d/sv/src/base/uvm_resource_db.svh ...
Done /cad/cds/xcelium/xcelium23.09.001/tools/methodology/UVM/CDNS-1.1d/sv/src/base/uvm_resource_db.svh [3 ms, 400 lines, SystemVerilog_2012] ...
Loading (32) /cad/cds/xcelium/xcelium23.09.001/tools/methodology/UVM/CDNS-1.1d/sv/src/base/uvm_config_db.svh ...
Done /cad/cds/xcelium/xcelium23.09.001/tools/methodology/UVM/CDNS-1.1d/sv/src/base/uvm_config_db.svh [2 ms, 372 lines, SystemVerilog_2012] ...
Loading (33) /cad/cds/xcelium/xcelium23.09.001/tools/methodology/UVM/CDNS-1.1d/sv/src/base/uvm_printer.svh ...
Done /cad/cds/xcelium/xcelium23.09.001/tools/methodology/UVM/CDNS-1.1d/sv/src/base/uvm_printer.svh [7 ms, 1176 lines, SystemVerilog_2012] ...
Loading (34) /cad/cds/xcelium/xcelium23.09.001/tools/methodology/UVM/CDNS-1.1d/sv/src/base/uvm_comparer.svh ...
Done /cad/cds/xcelium/xcelium23.09.001/tools/methodology/UVM/CDNS-1.1d/sv/src/base/uvm_comparer.svh [3 ms, 419 lines, SystemVerilog_2012] ...
Loading (35) /cad/cds/xcelium/xcelium23.09.001/tools/methodology/UVM/CDNS-1.1d/sv/src/base/uvm_packer.svh ...
Done /cad/cds/xcelium/xcelium23.09.001/tools/methodology/UVM/CDNS-1.1d/sv/src/base/uvm_packer.svh [5 ms, 848 lines, SystemVerilog_2012] ...
Loading (36) /cad/cds/xcelium/xcelium23.09.001/tools/methodology/UVM/CDNS-1.1d/sv/src/base/uvm_recorder.svh ...
Done /cad/cds/xcelium/xcelium23.09.001/tools/methodology/UVM/CDNS-1.1d/sv/src/base/uvm_recorder.svh [2 ms, 360 lines, SystemVerilog_2012] ...
Loading (37) /cad/cds/xcelium/xcelium23.09.001/tools/methodology/UVM/CDNS-1.1d/sv/src/base/uvm_event_callback.svh ...
Done /cad/cds/xcelium/xcelium23.09.001/tools/methodology/UVM/CDNS-1.1d/sv/src/base/uvm_event_callback.svh [0 ms, 91 lines, SystemVerilog_2012] ...
Loading (38) /cad/cds/xcelium/xcelium23.09.001/tools/methodology/UVM/CDNS-1.1d/sv/src/base/uvm_event.svh ...
Done /cad/cds/xcelium/xcelium23.09.001/tools/methodology/UVM/CDNS-1.1d/sv/src/base/uvm_event.svh [2 ms, 362 lines, SystemVerilog_2012] ...
Loading (39) /cad/cds/xcelium/xcelium23.09.001/tools/methodology/UVM/CDNS-1.1d/sv/src/base/uvm_barrier.svh ...
Done /cad/cds/xcelium/xcelium23.09.001/tools/methodology/UVM/CDNS-1.1d/sv/src/base/uvm_barrier.svh [2 ms, 212 lines, SystemVerilog_2012] ...
Loading (40) /cad/cds/xcelium/xcelium23.09.001/tools/methodology/UVM/CDNS-1.1d/sv/src/base/uvm_callback.svh ...
Loading (41) /cad/cds/xcelium/xcelium23.09.001/tools/methodology/UVM/CDNS-1.1d/sv/src/uvm_macros.svh ...
Done /cad/cds/xcelium/xcelium23.09.001/tools/methodology/UVM/CDNS-1.1d/sv/src/uvm_macros.svh [1 ms, 79 lines, SystemVerilog_2012] ...
Done /cad/cds/xcelium/xcelium23.09.001/tools/methodology/UVM/CDNS-1.1d/sv/src/base/uvm_callback.svh [8 ms, 1193 lines, SystemVerilog_2012] ...
Loading (42) /cad/cds/xcelium/xcelium23.09.001/tools/methodology/UVM/CDNS-1.1d/sv/src/base/uvm_report_catcher.svh ...
Done /cad/cds/xcelium/xcelium23.09.001/tools/methodology/UVM/CDNS-1.1d/sv/src/base/uvm_report_catcher.svh [3 ms, 681 lines, SystemVerilog_2012] ...
Loading (43) /cad/cds/xcelium/xcelium23.09.001/tools/methodology/UVM/CDNS-1.1d/sv/src/base/uvm_report_server.svh ...
Done /cad/cds/xcelium/xcelium23.09.001/tools/methodology/UVM/CDNS-1.1d/sv/src/base/uvm_report_server.svh [4 ms, 557 lines, SystemVerilog_2012] ...
Loading (44) /cad/cds/xcelium/xcelium23.09.001/tools/methodology/UVM/CDNS-1.1d/sv/src/base/uvm_report_handler.svh ...
Done /cad/cds/xcelium/xcelium23.09.001/tools/methodology/UVM/CDNS-1.1d/sv/src/base/uvm_report_handler.svh [5 ms, 675 lines, SystemVerilog_2012] ...
Loading (45) /cad/cds/xcelium/xcelium23.09.001/tools/methodology/UVM/CDNS-1.1d/sv/src/base/uvm_report_object.svh ...
Done /cad/cds/xcelium/xcelium23.09.001/tools/methodology/UVM/CDNS-1.1d/sv/src/base/uvm_report_object.svh [2 ms, 558 lines, SystemVerilog_2012] ...
Loading (46) /cad/cds/xcelium/xcelium23.09.001/tools/methodology/UVM/CDNS-1.1d/sv/src/base/uvm_transaction.svh ...
Done /cad/cds/xcelium/xcelium23.09.001/tools/methodology/UVM/CDNS-1.1d/sv/src/base/uvm_transaction.svh [3 ms, 793 lines, SystemVerilog_2012] ...
Loading (47) /cad/cds/xcelium/xcelium23.09.001/tools/methodology/UVM/CDNS-1.1d/sv/src/base/uvm_phase.svh ...
Done /cad/cds/xcelium/xcelium23.09.001/tools/methodology/UVM/CDNS-1.1d/sv/src/base/uvm_phase.svh [56 ms, 2017 lines, SystemVerilog_2012] ...
Loading (48) /cad/cds/xcelium/xcelium23.09.001/tools/methodology/UVM/CDNS-1.1d/sv/src/base/uvm_domain.svh ...
Done /cad/cds/xcelium/xcelium23.09.001/tools/methodology/UVM/CDNS-1.1d/sv/src/base/uvm_domain.svh [2 ms, 219 lines, SystemVerilog_2012] ...
Loading (49) /cad/cds/xcelium/xcelium23.09.001/tools/methodology/UVM/CDNS-1.1d/sv/src/base/uvm_bottomup_phase.svh ...
Done /cad/cds/xcelium/xcelium23.09.001/tools/methodology/UVM/CDNS-1.1d/sv/src/base/uvm_bottomup_phase.svh [1 ms, 113 lines, SystemVerilog_2012] ...
Loading (50) /cad/cds/xcelium/xcelium23.09.001/tools/methodology/UVM/CDNS-1.1d/sv/src/base/uvm_topdown_phase.svh ...
Done /cad/cds/xcelium/xcelium23.09.001/tools/methodology/UVM/CDNS-1.1d/sv/src/base/uvm_topdown_phase.svh [1 ms, 115 lines, SystemVerilog_2012] ...
Loading (51) /cad/cds/xcelium/xcelium23.09.001/tools/methodology/UVM/CDNS-1.1d/sv/src/base/uvm_task_phase.svh ...
Done /cad/cds/xcelium/xcelium23.09.001/tools/methodology/UVM/CDNS-1.1d/sv/src/base/uvm_task_phase.svh [1 ms, 160 lines, SystemVerilog_2012] ...
Loading (52) /cad/cds/xcelium/xcelium23.09.001/tools/methodology/UVM/CDNS-1.1d/sv/src/base/uvm_common_phases.svh ...
Done /cad/cds/xcelium/xcelium23.09.001/tools/methodology/UVM/CDNS-1.1d/sv/src/base/uvm_common_phases.svh [2 ms, 413 lines, SystemVerilog_2012] ...
Loading (53) /cad/cds/xcelium/xcelium23.09.001/tools/methodology/UVM/CDNS-1.1d/sv/src/base/uvm_runtime_phases.svh ...
Done /cad/cds/xcelium/xcelium23.09.001/tools/methodology/UVM/CDNS-1.1d/sv/src/base/uvm_runtime_phases.svh [2 ms, 510 lines, SystemVerilog_2012] ...
Loading (54) /cad/cds/xcelium/xcelium23.09.001/tools/methodology/UVM/CDNS-1.1d/sv/src/base/uvm_component.svh ...
Loading (55) /cad/cds/xcelium/xcelium23.09.001/tools/methodology/UVM/CDNS-1.1d/sv/src/base/uvm_root.svh ...
Done /cad/cds/xcelium/xcelium23.09.001/tools/methodology/UVM/CDNS-1.1d/sv/src/base/uvm_root.svh [6 ms, 1073 lines, SystemVerilog_2012] ...
Done /cad/cds/xcelium/xcelium23.09.001/tools/methodology/UVM/CDNS-1.1d/sv/src/base/uvm_component.svh [15 ms, 3436 lines, SystemVerilog_2012] ...
Loading (56) /cad/cds/xcelium/xcelium23.09.001/tools/methodology/UVM/CDNS-1.1d/sv/src/base/uvm_objection.svh ...
Done /cad/cds/xcelium/xcelium23.09.001/tools/methodology/UVM/CDNS-1.1d/sv/src/base/uvm_objection.svh [9 ms, 1503 lines, SystemVerilog_2012] ...
Loading (57) /cad/cds/xcelium/xcelium23.09.001/tools/methodology/UVM/CDNS-1.1d/sv/src/base/uvm_heartbeat.svh ...
Done /cad/cds/xcelium/xcelium23.09.001/tools/methodology/UVM/CDNS-1.1d/sv/src/base/uvm_heartbeat.svh [2 ms, 339 lines, SystemVerilog_2012] ...
Loading (58) /cad/cds/xcelium/xcelium23.09.001/tools/methodology/UVM/CDNS-1.1d/sv/src/base/uvm_globals.svh ...
Done /cad/cds/xcelium/xcelium23.09.001/tools/methodology/UVM/CDNS-1.1d/sv/src/base/uvm_globals.svh [3 ms, 409 lines, SystemVerilog_2012] ...
Loading (59) /cad/cds/xcelium/xcelium23.09.001/tools/methodology/UVM/CDNS-1.1d/sv/src/base/uvm_cmdline_processor.svh ...
Done /cad/cds/xcelium/xcelium23.09.001/tools/methodology/UVM/CDNS-1.1d/sv/src/base/uvm_cmdline_processor.svh [2 ms, 436 lines, SystemVerilog_2012] ...
Loading (60) /cad/cds/xcelium/xcelium23.09.001/tools/methodology/UVM/CDNS-1.1d/sv/src/base/uvm_if_base.svh ...
Done /cad/cds/xcelium/xcelium23.09.001/tools/methodology/UVM/CDNS-1.1d/sv/src/base/uvm_if_base.svh [1 ms, 264 lines, SystemVerilog_2012] ...
Done /cad/cds/xcelium/xcelium23.09.001/tools/methodology/UVM/CDNS-1.1d/sv/src/base/uvm_base.svh [2 ms, 112 lines, SystemVerilog_2012] ...
Loading (61) /cad/cds/xcelium/xcelium23.09.001/tools/methodology/UVM/CDNS-1.1d/sv/src/tlm1/uvm_tlm.svh ...
Loading (62) /cad/cds/xcelium/xcelium23.09.001/tools/methodology/UVM/CDNS-1.1d/sv/src/tlm1/uvm_tlm_ifs.svh ...
Done /cad/cds/xcelium/xcelium23.09.001/tools/methodology/UVM/CDNS-1.1d/sv/src/tlm1/uvm_tlm_ifs.svh [1 ms, 333 lines, SystemVerilog_2012] ...
Loading (63) /cad/cds/xcelium/xcelium23.09.001/tools/methodology/UVM/CDNS-1.1d/sv/src/tlm1/uvm_sqr_ifs.svh ...
Done /cad/cds/xcelium/xcelium23.09.001/tools/methodology/UVM/CDNS-1.1d/sv/src/tlm1/uvm_sqr_ifs.svh [1 ms, 215 lines, SystemVerilog_2012] ...
Loading (64) /cad/cds/xcelium/xcelium23.09.001/tools/methodology/UVM/CDNS-1.1d/sv/src/base/uvm_port_base.svh ...
Done /cad/cds/xcelium/xcelium23.09.001/tools/methodology/UVM/CDNS-1.1d/sv/src/base/uvm_port_base.svh [5 ms, 828 lines, SystemVerilog_2012] ...
Loading (65) /cad/cds/xcelium/xcelium23.09.001/tools/methodology/UVM/CDNS-1.1d/sv/src/tlm1/uvm_tlm_imps.svh ...
Done /cad/cds/xcelium/xcelium23.09.001/tools/methodology/UVM/CDNS-1.1d/sv/src/tlm1/uvm_tlm_imps.svh [0 ms, 363 lines, SystemVerilog_2012] ...
Loading (66) /cad/cds/xcelium/xcelium23.09.001/tools/methodology/UVM/CDNS-1.1d/sv/src/tlm1/uvm_imps.svh ...
Done /cad/cds/xcelium/xcelium23.09.001/tools/methodology/UVM/CDNS-1.1d/sv/src/tlm1/uvm_imps.svh [8 ms, 317 lines, SystemVerilog_2012] ...
Loading (67) /cad/cds/xcelium/xcelium23.09.001/tools/methodology/UVM/CDNS-1.1d/sv/src/tlm1/uvm_ports.svh ...
Done /cad/cds/xcelium/xcelium23.09.001/tools/methodology/UVM/CDNS-1.1d/sv/src/tlm1/uvm_ports.svh [7 ms, 262 lines, SystemVerilog_2012] ...
Loading (68) /cad/cds/xcelium/xcelium23.09.001/tools/methodology/UVM/CDNS-1.1d/sv/src/tlm1/uvm_exports.svh ...
Done /cad/cds/xcelium/xcelium23.09.001/tools/methodology/UVM/CDNS-1.1d/sv/src/tlm1/uvm_exports.svh [8 ms, 260 lines, SystemVerilog_2012] ...
Loading (69) /cad/cds/xcelium/xcelium23.09.001/tools/methodology/UVM/CDNS-1.1d/sv/src/tlm1/uvm_analysis_port.svh ...
Done /cad/cds/xcelium/xcelium23.09.001/tools/methodology/UVM/CDNS-1.1d/sv/src/tlm1/uvm_analysis_port.svh [1 ms, 233 lines, SystemVerilog_2012] ...
Loading (70) /cad/cds/xcelium/xcelium23.09.001/tools/methodology/UVM/CDNS-1.1d/sv/src/tlm1/uvm_tlm_fifo_base.svh ...
Done /cad/cds/xcelium/xcelium23.09.001/tools/methodology/UVM/CDNS-1.1d/sv/src/tlm1/uvm_tlm_fifo_base.svh [1 ms, 253 lines, SystemVerilog_2012] ...
Loading (71) /cad/cds/xcelium/xcelium23.09.001/tools/methodology/UVM/CDNS-1.1d/sv/src/tlm1/uvm_tlm_fifos.svh ...
Done /cad/cds/xcelium/xcelium23.09.001/tools/methodology/UVM/CDNS-1.1d/sv/src/tlm1/uvm_tlm_fifos.svh [2 ms, 239 lines, SystemVerilog_2012] ...
Loading (72) /cad/cds/xcelium/xcelium23.09.001/tools/methodology/UVM/CDNS-1.1d/sv/src/tlm1/uvm_tlm_req_rsp.svh ...
Done /cad/cds/xcelium/xcelium23.09.001/tools/methodology/UVM/CDNS-1.1d/sv/src/tlm1/uvm_tlm_req_rsp.svh [2 ms, 349 lines, SystemVerilog_2012] ...
Loading (73) /cad/cds/xcelium/xcelium23.09.001/tools/methodology/UVM/CDNS-1.1d/sv/src/tlm1/uvm_sqr_connections.svh ...
Done /cad/cds/xcelium/xcelium23.09.001/tools/methodology/UVM/CDNS-1.1d/sv/src/tlm1/uvm_sqr_connections.svh [51 ms, 84 lines, SystemVerilog_2012] ...
Done /cad/cds/xcelium/xcelium23.09.001/tools/methodology/UVM/CDNS-1.1d/sv/src/tlm1/uvm_tlm.svh [1 ms, 40 lines, SystemVerilog_2012] ...
Loading (74) /cad/cds/xcelium/xcelium23.09.001/tools/methodology/UVM/CDNS-1.1d/sv/src/comps/uvm_comps.svh ...
Loading (75) /cad/cds/xcelium/xcelium23.09.001/tools/methodology/UVM/CDNS-1.1d/sv/src/comps/uvm_pair.svh ...
Done /cad/cds/xcelium/xcelium23.09.001/tools/methodology/UVM/CDNS-1.1d/sv/src/comps/uvm_pair.svh [2 ms, 171 lines, SystemVerilog_2012] ...
Loading (76) /cad/cds/xcelium/xcelium23.09.001/tools/methodology/UVM/CDNS-1.1d/sv/src/comps/uvm_policies.svh ...
Done /cad/cds/xcelium/xcelium23.09.001/tools/methodology/UVM/CDNS-1.1d/sv/src/comps/uvm_policies.svh [1 ms, 142 lines, SystemVerilog_2012] ...
Loading (77) /cad/cds/xcelium/xcelium23.09.001/tools/methodology/UVM/CDNS-1.1d/sv/src/comps/uvm_in_order_comparator.svh ...
Done /cad/cds/xcelium/xcelium23.09.001/tools/methodology/UVM/CDNS-1.1d/sv/src/comps/uvm_in_order_comparator.svh [2 ms, 260 lines, SystemVerilog_2012] ...
Loading (78) /cad/cds/xcelium/xcelium23.09.001/tools/methodology/UVM/CDNS-1.1d/sv/src/comps/uvm_algorithmic_comparator.svh ...
Done /cad/cds/xcelium/xcelium23.09.001/tools/methodology/UVM/CDNS-1.1d/sv/src/comps/uvm_algorithmic_comparator.svh [1 ms, 135 lines, SystemVerilog_2012] ...
Loading (79) /cad/cds/xcelium/xcelium23.09.001/tools/methodology/UVM/CDNS-1.1d/sv/src/comps/uvm_random_stimulus.svh ...
Done /cad/cds/xcelium/xcelium23.09.001/tools/methodology/UVM/CDNS-1.1d/sv/src/comps/uvm_random_stimulus.svh [1 ms, 132 lines, SystemVerilog_2012] ...
Loading (80) /cad/cds/xcelium/xcelium23.09.001/tools/methodology/UVM/CDNS-1.1d/sv/src/comps/uvm_subscriber.svh ...
Done /cad/cds/xcelium/xcelium23.09.001/tools/methodology/UVM/CDNS-1.1d/sv/src/comps/uvm_subscriber.svh [0 ms, 68 lines, SystemVerilog_2012] ...
Loading (81) /cad/cds/xcelium/xcelium23.09.001/tools/methodology/UVM/CDNS-1.1d/sv/src/comps/uvm_monitor.svh ...
Done /cad/cds/xcelium/xcelium23.09.001/tools/methodology/UVM/CDNS-1.1d/sv/src/comps/uvm_monitor.svh [1 ms, 54 lines, SystemVerilog_2012] ...
Loading (82) /cad/cds/xcelium/xcelium23.09.001/tools/methodology/UVM/CDNS-1.1d/sv/src/comps/uvm_driver.svh ...
Done /cad/cds/xcelium/xcelium23.09.001/tools/methodology/UVM/CDNS-1.1d/sv/src/comps/uvm_driver.svh [0 ms, 89 lines, SystemVerilog_2012] ...
Loading (83) /cad/cds/xcelium/xcelium23.09.001/tools/methodology/UVM/CDNS-1.1d/sv/src/comps/uvm_push_driver.svh ...
Done /cad/cds/xcelium/xcelium23.09.001/tools/methodology/UVM/CDNS-1.1d/sv/src/comps/uvm_push_driver.svh [1 ms, 97 lines, SystemVerilog_2012] ...
Loading (84) /cad/cds/xcelium/xcelium23.09.001/tools/methodology/UVM/CDNS-1.1d/sv/src/comps/uvm_scoreboard.svh ...
Done /cad/cds/xcelium/xcelium23.09.001/tools/methodology/UVM/CDNS-1.1d/sv/src/comps/uvm_scoreboard.svh [0 ms, 56 lines, SystemVerilog_2012] ...
Loading (85) /cad/cds/xcelium/xcelium23.09.001/tools/methodology/UVM/CDNS-1.1d/sv/src/comps/uvm_agent.svh ...
Done /cad/cds/xcelium/xcelium23.09.001/tools/methodology/UVM/CDNS-1.1d/sv/src/comps/uvm_agent.svh [0 ms, 83 lines, SystemVerilog_2012] ...
Loading (86) /cad/cds/xcelium/xcelium23.09.001/tools/methodology/UVM/CDNS-1.1d/sv/src/comps/uvm_env.svh ...
Done /cad/cds/xcelium/xcelium23.09.001/tools/methodology/UVM/CDNS-1.1d/sv/src/comps/uvm_env.svh [0 ms, 54 lines, SystemVerilog_2012] ...
Loading (87) /cad/cds/xcelium/xcelium23.09.001/tools/methodology/UVM/CDNS-1.1d/sv/src/comps/uvm_test.svh ...
Done /cad/cds/xcelium/xcelium23.09.001/tools/methodology/UVM/CDNS-1.1d/sv/src/comps/uvm_test.svh [1 ms, 82 lines, SystemVerilog_2012] ...
Done /cad/cds/xcelium/xcelium23.09.001/tools/methodology/UVM/CDNS-1.1d/sv/src/comps/uvm_comps.svh [4 ms, 37 lines, SystemVerilog_2012] ...
Loading (88) /cad/cds/xcelium/xcelium23.09.001/tools/methodology/UVM/CDNS-1.1d/sv/src/seq/uvm_seq.svh ...
Loading (89) /cad/cds/xcelium/xcelium23.09.001/tools/methodology/UVM/CDNS-1.1d/sv/src/seq/uvm_sequence_item.svh ...
Done /cad/cds/xcelium/xcelium23.09.001/tools/methodology/UVM/CDNS-1.1d/sv/src/seq/uvm_sequence_item.svh [3 ms, 509 lines, SystemVerilog_2012] ...
Loading (90) /cad/cds/xcelium/xcelium23.09.001/tools/methodology/UVM/CDNS-1.1d/sv/src/seq/uvm_sequencer_base.svh ...
Done /cad/cds/xcelium/xcelium23.09.001/tools/methodology/UVM/CDNS-1.1d/sv/src/seq/uvm_sequencer_base.svh [10 ms, 1653 lines, SystemVerilog_2012] ...
Loading (91) /cad/cds/xcelium/xcelium23.09.001/tools/methodology/UVM/CDNS-1.1d/sv/src/seq/uvm_sequencer_analysis_fifo.svh ...
Done /cad/cds/xcelium/xcelium23.09.001/tools/methodology/UVM/CDNS-1.1d/sv/src/seq/uvm_sequencer_analysis_fifo.svh [0 ms, 39 lines, SystemVerilog_2012] ...
Loading (92) /cad/cds/xcelium/xcelium23.09.001/tools/methodology/UVM/CDNS-1.1d/sv/src/seq/uvm_sequencer_param_base.svh ...
Done /cad/cds/xcelium/xcelium23.09.001/tools/methodology/UVM/CDNS-1.1d/sv/src/seq/uvm_sequencer_param_base.svh [2 ms, 460 lines, SystemVerilog_2012] ...
Loading (93) /cad/cds/xcelium/xcelium23.09.001/tools/methodology/UVM/CDNS-1.1d/sv/src/seq/uvm_sequencer.svh ...
Done /cad/cds/xcelium/xcelium23.09.001/tools/methodology/UVM/CDNS-1.1d/sv/src/seq/uvm_sequencer.svh [2 ms, 311 lines, SystemVerilog_2012] ...
Loading (94) /cad/cds/xcelium/xcelium23.09.001/tools/methodology/UVM/CDNS-1.1d/sv/src/seq/uvm_push_sequencer.svh ...
Done /cad/cds/xcelium/xcelium23.09.001/tools/methodology/UVM/CDNS-1.1d/sv/src/seq/uvm_push_sequencer.svh [1 ms, 85 lines, SystemVerilog_2012] ...
Loading (95) /cad/cds/xcelium/xcelium23.09.001/tools/methodology/UVM/CDNS-1.1d/sv/src/seq/uvm_sequence_base.svh ...
Done /cad/cds/xcelium/xcelium23.09.001/tools/methodology/UVM/CDNS-1.1d/sv/src/seq/uvm_sequence_base.svh [5 ms, 1175 lines, SystemVerilog_2012] ...
Loading (96) /cad/cds/xcelium/xcelium23.09.001/tools/methodology/UVM/CDNS-1.1d/sv/src/seq/uvm_sequence.svh ...
Done /cad/cds/xcelium/xcelium23.09.001/tools/methodology/UVM/CDNS-1.1d/sv/src/seq/uvm_sequence.svh [1 ms, 135 lines, SystemVerilog_2012] ...
Loading (97) /cad/cds/xcelium/xcelium23.09.001/tools/methodology/UVM/CDNS-1.1d/sv/src/seq/uvm_sequence_library.svh ...
Done /cad/cds/xcelium/xcelium23.09.001/tools/methodology/UVM/CDNS-1.1d/sv/src/seq/uvm_sequence_library.svh [6 ms, 816 lines, SystemVerilog_2012] ...
Loading (98) /cad/cds/xcelium/xcelium23.09.001/tools/methodology/UVM/CDNS-1.1d/sv/src/seq/uvm_sequence_builtin.svh ...
Done /cad/cds/xcelium/xcelium23.09.001/tools/methodology/UVM/CDNS-1.1d/sv/src/seq/uvm_sequence_builtin.svh [3 ms, 301 lines, SystemVerilog_2012] ...
Done /cad/cds/xcelium/xcelium23.09.001/tools/methodology/UVM/CDNS-1.1d/sv/src/seq/uvm_seq.svh [1 ms, 40 lines, SystemVerilog_2012] ...
Loading (99) /cad/cds/xcelium/xcelium23.09.001/tools/methodology/UVM/CDNS-1.1d/sv/src/tlm2/uvm_tlm2.svh ...
Loading (100) /cad/cds/xcelium/xcelium23.09.001/tools/methodology/UVM/CDNS-1.1d/sv/src/tlm2/uvm_tlm2_defines.svh ...
Done /cad/cds/xcelium/xcelium23.09.001/tools/methodology/UVM/CDNS-1.1d/sv/src/tlm2/uvm_tlm2_defines.svh [0 ms, 45 lines, SystemVerilog_2012] ...
Loading (101) /cad/cds/xcelium/xcelium23.09.001/tools/methodology/UVM/CDNS-1.1d/sv/src/tlm2/uvm_tlm2_time.svh ...
Done /cad/cds/xcelium/xcelium23.09.001/tools/methodology/UVM/CDNS-1.1d/sv/src/tlm2/uvm_tlm2_time.svh [1 ms, 333 lines, SystemVerilog_2012] ...
Loading (102) /cad/cds/xcelium/xcelium23.09.001/tools/methodology/UVM/CDNS-1.1d/sv/src/tlm2/uvm_tlm2_generic_payload.svh ...
Done /cad/cds/xcelium/xcelium23.09.001/tools/methodology/UVM/CDNS-1.1d/sv/src/tlm2/uvm_tlm2_generic_payload.svh [7 ms, 1053 lines, SystemVerilog_2012] ...
Loading (103) /cad/cds/xcelium/xcelium23.09.001/tools/methodology/UVM/CDNS-1.1d/sv/src/tlm2/uvm_tlm2_ifs.svh ...
Done /cad/cds/xcelium/xcelium23.09.001/tools/methodology/UVM/CDNS-1.1d/sv/src/tlm2/uvm_tlm2_ifs.svh [1 ms, 186 lines, SystemVerilog_2012] ...
Loading (104) /cad/cds/xcelium/xcelium23.09.001/tools/methodology/UVM/CDNS-1.1d/sv/src/tlm2/uvm_tlm2_imps.svh ...
Done /cad/cds/xcelium/xcelium23.09.001/tools/methodology/UVM/CDNS-1.1d/sv/src/tlm2/uvm_tlm2_imps.svh [1 ms, 203 lines, SystemVerilog_2012] ...
Loading (105) /cad/cds/xcelium/xcelium23.09.001/tools/methodology/UVM/CDNS-1.1d/sv/src/tlm2/uvm_tlm2_ports.svh ...
Done /cad/cds/xcelium/xcelium23.09.001/tools/methodology/UVM/CDNS-1.1d/sv/src/tlm2/uvm_tlm2_ports.svh [2 ms, 75 lines, SystemVerilog_2012] ...
Loading (106) /cad/cds/xcelium/xcelium23.09.001/tools/methodology/UVM/CDNS-1.1d/sv/src/tlm2/uvm_tlm2_exports.svh ...
Done /cad/cds/xcelium/xcelium23.09.001/tools/methodology/UVM/CDNS-1.1d/sv/src/tlm2/uvm_tlm2_exports.svh [1 ms, 65 lines, SystemVerilog_2012] ...
Loading (107) /cad/cds/xcelium/xcelium23.09.001/tools/methodology/UVM/CDNS-1.1d/sv/src/tlm2/uvm_tlm2_sockets_base.svh ...
Done /cad/cds/xcelium/xcelium23.09.001/tools/methodology/UVM/CDNS-1.1d/sv/src/tlm2/uvm_tlm2_sockets_base.svh [3 ms, 195 lines, SystemVerilog_2012] ...
Loading (108) /cad/cds/xcelium/xcelium23.09.001/tools/methodology/UVM/CDNS-1.1d/sv/src/tlm2/uvm_tlm2_sockets.svh ...
Done /cad/cds/xcelium/xcelium23.09.001/tools/methodology/UVM/CDNS-1.1d/sv/src/tlm2/uvm_tlm2_sockets.svh [3 ms, 435 lines, SystemVerilog_2012] ...
Done /cad/cds/xcelium/xcelium23.09.001/tools/methodology/UVM/CDNS-1.1d/sv/src/tlm2/uvm_tlm2.svh [2 ms, 30 lines, SystemVerilog_2012] ...
Loading (109) /cad/cds/xcelium/xcelium23.09.001/tools/methodology/UVM/CDNS-1.1d/sv/src/reg/uvm_reg_model.svh ...
Loading (110) /cad/cds/xcelium/xcelium23.09.001/tools/methodology/UVM/CDNS-1.1d/sv/src/reg/uvm_reg_item.svh ...
Done /cad/cds/xcelium/xcelium23.09.001/tools/methodology/UVM/CDNS-1.1d/sv/src/reg/uvm_reg_item.svh [2 ms, 316 lines, SystemVerilog_2012] ...
Loading (111) /cad/cds/xcelium/xcelium23.09.001/tools/methodology/UVM/CDNS-1.1d/sv/src/reg/uvm_reg_adapter.svh ...
Done /cad/cds/xcelium/xcelium23.09.001/tools/methodology/UVM/CDNS-1.1d/sv/src/reg/uvm_reg_adapter.svh [2 ms, 252 lines, SystemVerilog_2012] ...
Loading (112) /cad/cds/xcelium/xcelium23.09.001/tools/methodology/UVM/CDNS-1.1d/sv/src/reg/uvm_reg_predictor.svh ...
Done /cad/cds/xcelium/xcelium23.09.001/tools/methodology/UVM/CDNS-1.1d/sv/src/reg/uvm_reg_predictor.svh [2 ms, 261 lines, SystemVerilog_2012] ...
Loading (113) /cad/cds/xcelium/xcelium23.09.001/tools/methodology/UVM/CDNS-1.1d/sv/src/reg/uvm_reg_sequence.svh ...
Done /cad/cds/xcelium/xcelium23.09.001/tools/methodology/UVM/CDNS-1.1d/sv/src/reg/uvm_reg_sequence.svh [3 ms, 547 lines, SystemVerilog_2012] ...
Loading (114) /cad/cds/xcelium/xcelium23.09.001/tools/methodology/UVM/CDNS-1.1d/sv/src/reg/uvm_reg_cbs.svh ...
Done /cad/cds/xcelium/xcelium23.09.001/tools/methodology/UVM/CDNS-1.1d/sv/src/reg/uvm_reg_cbs.svh [3 ms, 530 lines, SystemVerilog_2012] ...
Loading (115) /cad/cds/xcelium/xcelium23.09.001/tools/methodology/UVM/CDNS-1.1d/sv/src/reg/uvm_reg_backdoor.svh ...
Done /cad/cds/xcelium/xcelium23.09.001/tools/methodology/UVM/CDNS-1.1d/sv/src/reg/uvm_reg_backdoor.svh [2 ms, 348 lines, SystemVerilog_2012] ...
Loading (116) /cad/cds/xcelium/xcelium23.09.001/tools/methodology/UVM/CDNS-1.1d/sv/src/reg/uvm_reg_field.svh ...
Done /cad/cds/xcelium/xcelium23.09.001/tools/methodology/UVM/CDNS-1.1d/sv/src/reg/uvm_reg_field.svh [49 ms, 2005 lines, SystemVerilog_2012] ...
Loading (117) /cad/cds/xcelium/xcelium23.09.001/tools/methodology/UVM/CDNS-1.1d/sv/src/reg/uvm_vreg_field.svh ...
Done /cad/cds/xcelium/xcelium23.09.001/tools/methodology/UVM/CDNS-1.1d/sv/src/reg/uvm_vreg_field.svh [6 ms, 1005 lines, SystemVerilog_2012] ...
Loading (118) /cad/cds/xcelium/xcelium23.09.001/tools/methodology/UVM/CDNS-1.1d/sv/src/reg/uvm_reg.svh ...
Done /cad/cds/xcelium/xcelium23.09.001/tools/methodology/UVM/CDNS-1.1d/sv/src/reg/uvm_reg.svh [17 ms, 3097 lines, SystemVerilog_2012] ...
Loading (119) /cad/cds/xcelium/xcelium23.09.001/tools/methodology/UVM/CDNS-1.1d/sv/src/reg/uvm_reg_indirect.svh ...
Done /cad/cds/xcelium/xcelium23.09.001/tools/methodology/UVM/CDNS-1.1d/sv/src/reg/uvm_reg_indirect.svh [3 ms, 330 lines, SystemVerilog_2012] ...
Loading (120) /cad/cds/xcelium/xcelium23.09.001/tools/methodology/UVM/CDNS-1.1d/sv/src/reg/uvm_reg_fifo.svh ...
Done /cad/cds/xcelium/xcelium23.09.001/tools/methodology/UVM/CDNS-1.1d/sv/src/reg/uvm_reg_fifo.svh [2 ms, 311 lines, SystemVerilog_2012] ...
Loading (121) /cad/cds/xcelium/xcelium23.09.001/tools/methodology/UVM/CDNS-1.1d/sv/src/reg/uvm_reg_file.svh ...
Done /cad/cds/xcelium/xcelium23.09.001/tools/methodology/UVM/CDNS-1.1d/sv/src/reg/uvm_reg_file.svh [2 ms, 499 lines, SystemVerilog_2012] ...
Loading (122) /cad/cds/xcelium/xcelium23.09.001/tools/methodology/UVM/CDNS-1.1d/sv/src/reg/uvm_mem_mam.svh ...
Done /cad/cds/xcelium/xcelium23.09.001/tools/methodology/UVM/CDNS-1.1d/sv/src/reg/uvm_mem_mam.svh [7 ms, 1018 lines, SystemVerilog_2012] ...
Loading (123) /cad/cds/xcelium/xcelium23.09.001/tools/methodology/UVM/CDNS-1.1d/sv/src/reg/uvm_vreg.svh ...
Done /cad/cds/xcelium/xcelium23.09.001/tools/methodology/UVM/CDNS-1.1d/sv/src/reg/uvm_vreg.svh [10 ms, 1550 lines, SystemVerilog_2012] ...
Loading (124) /cad/cds/xcelium/xcelium23.09.001/tools/methodology/UVM/CDNS-1.1d/sv/src/reg/uvm_mem.svh ...
Done /cad/cds/xcelium/xcelium23.09.001/tools/methodology/UVM/CDNS-1.1d/sv/src/reg/uvm_mem.svh [55 ms, 2410 lines, SystemVerilog_2012] ...
Loading (125) /cad/cds/xcelium/xcelium23.09.001/tools/methodology/UVM/CDNS-1.1d/sv/src/reg/uvm_reg_map.svh ...
Done /cad/cds/xcelium/xcelium23.09.001/tools/methodology/UVM/CDNS-1.1d/sv/src/reg/uvm_reg_map.svh [16 ms, 2167 lines, SystemVerilog_2012] ...
Loading (126) /cad/cds/xcelium/xcelium23.09.001/tools/methodology/UVM/CDNS-1.1d/sv/src/reg/uvm_reg_block.svh ...
Done /cad/cds/xcelium/xcelium23.09.001/tools/methodology/UVM/CDNS-1.1d/sv/src/reg/uvm_reg_block.svh [13 ms, 2272 lines, SystemVerilog_2012] ...
Loading (127) /cad/cds/xcelium/xcelium23.09.001/tools/methodology/UVM/CDNS-1.1d/sv/src/reg/sequences/uvm_reg_hw_reset_seq.svh ...
Done /cad/cds/xcelium/xcelium23.09.001/tools/methodology/UVM/CDNS-1.1d/sv/src/reg/sequences/uvm_reg_hw_reset_seq.svh [2 ms, 148 lines, SystemVerilog_2012] ...
Loading (128) /cad/cds/xcelium/xcelium23.09.001/tools/methodology/UVM/CDNS-1.1d/sv/src/reg/sequences/uvm_reg_bit_bash_seq.svh ...
Done /cad/cds/xcelium/xcelium23.09.001/tools/methodology/UVM/CDNS-1.1d/sv/src/reg/sequences/uvm_reg_bit_bash_seq.svh [3 ms, 301 lines, SystemVerilog_2012] ...
Loading (129) /cad/cds/xcelium/xcelium23.09.001/tools/methodology/UVM/CDNS-1.1d/sv/src/reg/sequences/uvm_mem_walk_seq.svh ...
Done /cad/cds/xcelium/xcelium23.09.001/tools/methodology/UVM/CDNS-1.1d/sv/src/reg/sequences/uvm_mem_walk_seq.svh [3 ms, 300 lines, SystemVerilog_2012] ...
Loading (130) /cad/cds/xcelium/xcelium23.09.001/tools/methodology/UVM/CDNS-1.1d/sv/src/reg/sequences/uvm_mem_access_seq.svh ...
Done /cad/cds/xcelium/xcelium23.09.001/tools/methodology/UVM/CDNS-1.1d/sv/src/reg/sequences/uvm_mem_access_seq.svh [3 ms, 308 lines, SystemVerilog_2012] ...
Loading (131) /cad/cds/xcelium/xcelium23.09.001/tools/methodology/UVM/CDNS-1.1d/sv/src/reg/sequences/uvm_reg_access_seq.svh ...
Done /cad/cds/xcelium/xcelium23.09.001/tools/methodology/UVM/CDNS-1.1d/sv/src/reg/sequences/uvm_reg_access_seq.svh [4 ms, 361 lines, SystemVerilog_2012] ...
Loading (132) /cad/cds/xcelium/xcelium23.09.001/tools/methodology/UVM/CDNS-1.1d/sv/src/reg/sequences/uvm_reg_mem_shared_access_seq.svh ...
Done /cad/cds/xcelium/xcelium23.09.001/tools/methodology/UVM/CDNS-1.1d/sv/src/reg/sequences/uvm_reg_mem_shared_access_seq.svh [5 ms, 486 lines, SystemVerilog_2012] ...
Loading (133) /cad/cds/xcelium/xcelium23.09.001/tools/methodology/UVM/CDNS-1.1d/sv/src/reg/sequences/uvm_reg_mem_built_in_seq.svh ...
Done /cad/cds/xcelium/xcelium23.09.001/tools/methodology/UVM/CDNS-1.1d/sv/src/reg/sequences/uvm_reg_mem_built_in_seq.svh [3 ms, 139 lines, SystemVerilog_2012] ...
Loading (134) /cad/cds/xcelium/xcelium23.09.001/tools/methodology/UVM/CDNS-1.1d/sv/src/reg/sequences/uvm_reg_mem_hdl_paths_seq.svh ...
Done /cad/cds/xcelium/xcelium23.09.001/tools/methodology/UVM/CDNS-1.1d/sv/src/reg/sequences/uvm_reg_mem_hdl_paths_seq.svh [5 ms, 175 lines, SystemVerilog_2012] ...
Done /cad/cds/xcelium/xcelium23.09.001/tools/methodology/UVM/CDNS-1.1d/sv/src/reg/uvm_reg_model.svh [3 ms, 445 lines, SystemVerilog_2012] ...
Done /cad/cds/xcelium/xcelium23.09.001/tools/methodology/UVM/CDNS-1.1d/sv/src/uvm_pkg.sv [2 ms, 40 lines, SystemVerilog_2012] ...
Loading (135) /cad/cds/xcelium/xcelium23.09.001/tools/methodology/UVM/CDNS-1.1d/additions/sv/cdns_uvm_pkg.sv ...
Loading (136) /cad/cds/xcelium/xcelium23.09.001/tools/methodology/UVM/CDNS-1.1d/additions/sv/cdns_uvmapi.svp ...
Done /cad/cds/xcelium/xcelium23.09.001/tools/methodology/UVM/CDNS-1.1d/additions/sv/cdns_uvmapi.svp [0 ms, 135 lines, SystemVerilog_2012] ...
Loading (137) /cad/cds/xcelium/xcelium23.09.001/tools/methodology/UVM/CDNS-1.1d/additions/sv/cdns_uvm_ext.sv ...
Done /cad/cds/xcelium/xcelium23.09.001/tools/methodology/UVM/CDNS-1.1d/additions/sv/cdns_uvm_ext.sv [1 ms, 65 lines, SystemVerilog_2012] ...
Loading (138) /cad/cds/xcelium/xcelium23.09.001/tools/methodology/UVM/CDNS-1.1d/additions/sv/cdns_assert2uvm_pkg.sv ...
Optimizing (139) /cad/cds/xcelium/xcelium23.09.001/tools/methodology/UVM/CDNS-1.1d/sv/src/uvm_macros.svh ...
Done /cad/cds/xcelium/xcelium23.09.001/tools/methodology/UVM/CDNS-1.1d/additions/sv/cdns_assert2uvm_pkg.sv [6 ms, 49 lines, SystemVerilog_2012] ...
Optimizing (140) /cad/cds/xcelium/xcelium23.09.001/tools/methodology/UVM/CDNS-1.1d/sv/src/uvm_macros.svh ...
Loading (141) /cad/cds/xcelium/xcelium23.09.001/tools/methodology/UVM/CDNS-1.1d/additions/sv/cdns_recording.svh ...
Done /cad/cds/xcelium/xcelium23.09.001/tools/methodology/UVM/CDNS-1.1d/additions/sv/cdns_recording.svh [3 ms, 210 lines, SystemVerilog_2012] ...
Loading (142) /cad/cds/xcelium/xcelium23.09.001/tools/methodology/UVM/CDNS-1.1d/additions/sv/cdns_messages.svh ...
Done /cad/cds/xcelium/xcelium23.09.001/tools/methodology/UVM/CDNS-1.1d/additions/sv/cdns_messages.svh [3 ms, 138 lines, SystemVerilog_2012] ...
Loading (143) /cad/cds/xcelium/xcelium23.09.001/tools/methodology/UVM/CDNS-1.1d/additions/sv/cdns_tcl.svh ...
Done /cad/cds/xcelium/xcelium23.09.001/tools/methodology/UVM/CDNS-1.1d/additions/sv/cdns_tcl.svh [12 ms, 942 lines, SystemVerilog_2012] ...
Loading (144) /cad/cds/xcelium/xcelium23.09.001/tools/methodology/UVM/CDNS-1.1d/additions/sv/reg/uvm_reg_generate_access_file_seq.sv ...
Done /cad/cds/xcelium/xcelium23.09.001/tools/methodology/UVM/CDNS-1.1d/additions/sv/reg/uvm_reg_generate_access_file_seq.sv [2 ms, 117 lines, SystemVerilog_2012] ...
Loading (145) /cad/cds/xcelium/xcelium23.09.001/tools/methodology/UVM/CDNS-1.1d/additions/sv/reg/uvm_reg_predictor_ext.sv ...
Done /cad/cds/xcelium/xcelium23.09.001/tools/methodology/UVM/CDNS-1.1d/additions/sv/reg/uvm_reg_predictor_ext.sv [3 ms, 216 lines, SystemVerilog_2012] ...
Loading (146) /cad/cds/xcelium/xcelium23.09.001/tools/methodology/UVM/CDNS-1.1d/additions/sv/reg/uvm_reg_built_in_base_seq.sv ...
Done /cad/cds/xcelium/xcelium23.09.001/tools/methodology/UVM/CDNS-1.1d/additions/sv/reg/uvm_reg_built_in_base_seq.sv [4 ms, 434 lines, SystemVerilog_2012] ...
Loading (147) /cad/cds/xcelium/xcelium23.09.001/tools/methodology/UVM/CDNS-1.1d/additions/sv/reg/uvm_reg_built_in_read_all_regs_seq.sv ...
Done /cad/cds/xcelium/xcelium23.09.001/tools/methodology/UVM/CDNS-1.1d/additions/sv/reg/uvm_reg_built_in_read_all_regs_seq.sv [1 ms, 67 lines, SystemVerilog_2012] ...
Loading (148) /cad/cds/xcelium/xcelium23.09.001/tools/methodology/UVM/CDNS-1.1d/additions/sv/reg/uvm_reg_built_in_write_all_regs_seq.sv ...
Done /cad/cds/xcelium/xcelium23.09.001/tools/methodology/UVM/CDNS-1.1d/additions/sv/reg/uvm_reg_built_in_write_all_regs_seq.sv [1 ms, 89 lines, SystemVerilog_2012] ...
Loading (149) /cad/cds/xcelium/xcelium23.09.001/tools/methodology/UVM/CDNS-1.1d/additions/sv/reg/uvm_reg_built_in_wr_follow_rd_seq.sv ...
Done /cad/cds/xcelium/xcelium23.09.001/tools/methodology/UVM/CDNS-1.1d/additions/sv/reg/uvm_reg_built_in_wr_follow_rd_seq.sv [2 ms, 108 lines, SystemVerilog_2012] ...
Loading (150) /cad/cds/xcelium/xcelium23.09.001/tools/methodology/UVM/CDNS-1.1d/additions/sv/reg/uvm_reg_built_in_aliasing_seq.sv ...
Done /cad/cds/xcelium/xcelium23.09.001/tools/methodology/UVM/CDNS-1.1d/additions/sv/reg/uvm_reg_built_in_aliasing_seq.sv [1 ms, 87 lines, SystemVerilog_2012] ...
Loading (151) /cad/cds/xcelium/xcelium23.09.001/tools/methodology/UVM/CDNS-1.1d/additions/sv/reg/uvm_reg_built_in_all_seq.sv ...
Done /cad/cds/xcelium/xcelium23.09.001/tools/methodology/UVM/CDNS-1.1d/additions/sv/reg/uvm_reg_built_in_all_seq.sv [6 ms, 91 lines, SystemVerilog_2012] ...
Done /cad/cds/xcelium/xcelium23.09.001/tools/methodology/UVM/CDNS-1.1d/additions/sv/cdns_uvm_pkg.sv [9 ms, 62 lines, SystemVerilog_2012] ...
Loading (152) /proj/enigma/users/kirtan/uvm_studio/tb/mem_if.sv ...
Done /proj/enigma/users/kirtan/uvm_studio/tb/mem_if.sv [0 ms, 51 lines, SystemVerilog_2012] ...
*** Done invocation #1 [713 ms] ***
*** Invocation #2***
Loading (153) /proj/enigma/users/kirtan/uvm_studio/uvm/uvm_package_files.sv ...
Loading (154) /cad/cds/xcelium/xcelium23.09.001/tools/methodology/UVM/CDNS-1.1d/sv/src/uvm_macros.svh ...
Loading (155) /cad/cds/xcelium/xcelium23.09.001/tools/methodology/UVM/CDNS-1.1d/sv/src/macros/uvm_version_defines.svh ...
Loading (156) /cad/cds/xcelium/xcelium23.09.001/tools/methodology/UVM/CDNS-1.1d/sv/src/macros/uvm_version.svh ...
Done /cad/cds/xcelium/xcelium23.09.001/tools/methodology/UVM/CDNS-1.1d/sv/src/macros/uvm_version.svh [0 ms, 3 lines, SystemVerilog_2012] ...
Done /cad/cds/xcelium/xcelium23.09.001/tools/methodology/UVM/CDNS-1.1d/sv/src/macros/uvm_version_defines.svh [1 ms, 52 lines, SystemVerilog_2012] ...
Loading (157) /cad/cds/xcelium/xcelium23.09.001/tools/methodology/UVM/CDNS-1.1d/sv/src/macros/uvm_message_defines.svh ...
Done /cad/cds/xcelium/xcelium23.09.001/tools/methodology/UVM/CDNS-1.1d/sv/src/macros/uvm_message_defines.svh [0 ms, 220 lines, SystemVerilog_2012] ...
Loading (158) /cad/cds/xcelium/xcelium23.09.001/tools/methodology/UVM/CDNS-1.1d/sv/src/macros/uvm_phase_defines.svh ...
Done /cad/cds/xcelium/xcelium23.09.001/tools/methodology/UVM/CDNS-1.1d/sv/src/macros/uvm_phase_defines.svh [0 ms, 130 lines, SystemVerilog_2012] ...
Loading (159) /cad/cds/xcelium/xcelium23.09.001/tools/methodology/UVM/CDNS-1.1d/sv/src/macros/uvm_object_defines.svh ...
Done /cad/cds/xcelium/xcelium23.09.001/tools/methodology/UVM/CDNS-1.1d/sv/src/macros/uvm_object_defines.svh [1 ms, 3677 lines, SystemVerilog_2012] ...
Loading (160) /cad/cds/xcelium/xcelium23.09.001/tools/methodology/UVM/CDNS-1.1d/sv/src/macros/uvm_printer_defines.svh ...
Done /cad/cds/xcelium/xcelium23.09.001/tools/methodology/UVM/CDNS-1.1d/sv/src/macros/uvm_printer_defines.svh [0 ms, 420 lines, SystemVerilog_2012] ...
Loading (161) /cad/cds/xcelium/xcelium23.09.001/tools/methodology/UVM/CDNS-1.1d/sv/src/macros/uvm_tlm_defines.svh ...
Loading (162) /cad/cds/xcelium/xcelium23.09.001/tools/methodology/UVM/CDNS-1.1d/sv/src/tlm1/uvm_tlm_imps.svh ...
Done /cad/cds/xcelium/xcelium23.09.001/tools/methodology/UVM/CDNS-1.1d/sv/src/tlm1/uvm_tlm_imps.svh [0 ms, 363 lines, SystemVerilog_2012] ...
Done /cad/cds/xcelium/xcelium23.09.001/tools/methodology/UVM/CDNS-1.1d/sv/src/macros/uvm_tlm_defines.svh [1 ms, 615 lines, SystemVerilog_2012] ...
Loading (163) /cad/cds/xcelium/xcelium23.09.001/tools/methodology/UVM/CDNS-1.1d/sv/src/macros/uvm_sequence_defines.svh ...
Done /cad/cds/xcelium/xcelium23.09.001/tools/methodology/UVM/CDNS-1.1d/sv/src/macros/uvm_sequence_defines.svh [0 ms, 456 lines, SystemVerilog_2012] ...
Loading (164) /cad/cds/xcelium/xcelium23.09.001/tools/methodology/UVM/CDNS-1.1d/sv/src/macros/uvm_callback_defines.svh ...
Done /cad/cds/xcelium/xcelium23.09.001/tools/methodology/UVM/CDNS-1.1d/sv/src/macros/uvm_callback_defines.svh [0 ms, 301 lines, SystemVerilog_2012] ...
Loading (165) /cad/cds/xcelium/xcelium23.09.001/tools/methodology/UVM/CDNS-1.1d/sv/src/macros/uvm_reg_defines.svh ...
Done /cad/cds/xcelium/xcelium23.09.001/tools/methodology/UVM/CDNS-1.1d/sv/src/macros/uvm_reg_defines.svh [0 ms, 69 lines, SystemVerilog_2012] ...
Loading (166) /cad/cds/xcelium/xcelium23.09.001/tools/methodology/UVM/CDNS-1.1d/sv/src/macros/uvm_deprecated_defines.svh ...
Done /cad/cds/xcelium/xcelium23.09.001/tools/methodology/UVM/CDNS-1.1d/sv/src/macros/uvm_deprecated_defines.svh [0 ms, 251 lines, SystemVerilog_2012] ...
Done /cad/cds/xcelium/xcelium23.09.001/tools/methodology/UVM/CDNS-1.1d/sv/src/uvm_macros.svh [5 ms, 79 lines, SystemVerilog_2012] ...
Loading (167) /proj/enigma/users/kirtan/uvm_studio/uvm/sequences/mem_sequence_item.sv ...
Done /proj/enigma/users/kirtan/uvm_studio/uvm/sequences/mem_sequence_item.sv [1 ms, 22 lines, SystemVerilog_2012] ...
Loading (168) /proj/enigma/users/kirtan/uvm_studio/uvm/uvc/mem_sequencer.sv ...
Done /proj/enigma/users/kirtan/uvm_studio/uvm/uvc/mem_sequencer.sv [0 ms, 17 lines, SystemVerilog_2012] ...
Loading (169) /proj/enigma/users/kirtan/uvm_studio/uvm/uvc/mem_driver.sv ...
Done /proj/enigma/users/kirtan/uvm_studio/uvm/uvc/mem_driver.sv [2 ms, 91 lines, SystemVerilog_2012] ...
Loading (170) /proj/enigma/users/kirtan/uvm_studio/uvm/uvc/mem_monitor.sv ...
Done /proj/enigma/users/kirtan/uvm_studio/uvm/uvc/mem_monitor.sv [1 ms, 53 lines, SystemVerilog_2012] ...
Loading (171) /proj/enigma/users/kirtan/uvm_studio/uvm/uvc/mem_agent.sv ...
Done /proj/enigma/users/kirtan/uvm_studio/uvm/uvc/mem_agent.sv [0 ms, 43 lines, SystemVerilog_2012] ...
Loading (172) /proj/enigma/users/kirtan/uvm_studio/uvm/uvc/mem_env.sv ...
Done /proj/enigma/users/kirtan/uvm_studio/uvm/uvc/mem_env.sv [1 ms, 36 lines, SystemVerilog_2012] ...
Loading (173) /proj/enigma/users/kirtan/uvm_studio/uvm/sequences/base_sequence.sv ...
Done /proj/enigma/users/kirtan/uvm_studio/uvm/sequences/base_sequence.sv [1 ms, 44 lines, SystemVerilog_2012] ...
Loading (174) /proj/enigma/users/kirtan/uvm_studio/uvm/tests/base_test.sv ...
Done /proj/enigma/users/kirtan/uvm_studio/uvm/tests/base_test.sv [1 ms, 61 lines, SystemVerilog_2012] ...
Done /proj/enigma/users/kirtan/uvm_studio/uvm/uvm_package_files.sv [1 ms, 20 lines, SystemVerilog_2012] ...
*** Done invocation #2 [63 ms] ***
*** Invocation #3***
Loading (175) /proj/enigma/users/kirtan/uvm_studio/tb/testbench.sv ...
Loading (176) /cad/cds/xcelium/xcelium23.09.001/tools/methodology/UVM/CDNS-1.1d/sv/src/uvm_macros.svh ...
Loading (177) /cad/cds/xcelium/xcelium23.09.001/tools/methodology/UVM/CDNS-1.1d/sv/src/macros/uvm_version_defines.svh ...
Loading (178) /cad/cds/xcelium/xcelium23.09.001/tools/methodology/UVM/CDNS-1.1d/sv/src/macros/uvm_version.svh ...
Done /cad/cds/xcelium/xcelium23.09.001/tools/methodology/UVM/CDNS-1.1d/sv/src/macros/uvm_version.svh [0 ms, 3 lines, SystemVerilog_2012] ...
Done /cad/cds/xcelium/xcelium23.09.001/tools/methodology/UVM/CDNS-1.1d/sv/src/macros/uvm_version_defines.svh [1 ms, 52 lines, SystemVerilog_2012] ...
Loading (179) /cad/cds/xcelium/xcelium23.09.001/tools/methodology/UVM/CDNS-1.1d/sv/src/macros/uvm_message_defines.svh ...
Done /cad/cds/xcelium/xcelium23.09.001/tools/methodology/UVM/CDNS-1.1d/sv/src/macros/uvm_message_defines.svh [0 ms, 220 lines, SystemVerilog_2012] ...
Loading (180) /cad/cds/xcelium/xcelium23.09.001/tools/methodology/UVM/CDNS-1.1d/sv/src/macros/uvm_phase_defines.svh ...
Done /cad/cds/xcelium/xcelium23.09.001/tools/methodology/UVM/CDNS-1.1d/sv/src/macros/uvm_phase_defines.svh [0 ms, 130 lines, SystemVerilog_2012] ...
Loading (181) /cad/cds/xcelium/xcelium23.09.001/tools/methodology/UVM/CDNS-1.1d/sv/src/macros/uvm_object_defines.svh ...
Done /cad/cds/xcelium/xcelium23.09.001/tools/methodology/UVM/CDNS-1.1d/sv/src/macros/uvm_object_defines.svh [1 ms, 3677 lines, SystemVerilog_2012] ...
Loading (182) /cad/cds/xcelium/xcelium23.09.001/tools/methodology/UVM/CDNS-1.1d/sv/src/macros/uvm_printer_defines.svh ...
Done /cad/cds/xcelium/xcelium23.09.001/tools/methodology/UVM/CDNS-1.1d/sv/src/macros/uvm_printer_defines.svh [0 ms, 420 lines, SystemVerilog_2012] ...
Loading (183) /cad/cds/xcelium/xcelium23.09.001/tools/methodology/UVM/CDNS-1.1d/sv/src/macros/uvm_tlm_defines.svh ...
Loading (184) /cad/cds/xcelium/xcelium23.09.001/tools/methodology/UVM/CDNS-1.1d/sv/src/tlm1/uvm_tlm_imps.svh ...
Done /cad/cds/xcelium/xcelium23.09.001/tools/methodology/UVM/CDNS-1.1d/sv/src/tlm1/uvm_tlm_imps.svh [0 ms, 363 lines, SystemVerilog_2012] ...
Done /cad/cds/xcelium/xcelium23.09.001/tools/methodology/UVM/CDNS-1.1d/sv/src/macros/uvm_tlm_defines.svh [1 ms, 615 lines, SystemVerilog_2012] ...
Loading (185) /cad/cds/xcelium/xcelium23.09.001/tools/methodology/UVM/CDNS-1.1d/sv/src/macros/uvm_sequence_defines.svh ...
Done /cad/cds/xcelium/xcelium23.09.001/tools/methodology/UVM/CDNS-1.1d/sv/src/macros/uvm_sequence_defines.svh [0 ms, 456 lines, SystemVerilog_2012] ...
Loading (186) /cad/cds/xcelium/xcelium23.09.001/tools/methodology/UVM/CDNS-1.1d/sv/src/macros/uvm_callback_defines.svh ...
Done /cad/cds/xcelium/xcelium23.09.001/tools/methodology/UVM/CDNS-1.1d/sv/src/macros/uvm_callback_defines.svh [0 ms, 301 lines, SystemVerilog_2012] ...
Loading (187) /cad/cds/xcelium/xcelium23.09.001/tools/methodology/UVM/CDNS-1.1d/sv/src/macros/uvm_reg_defines.svh ...
Done /cad/cds/xcelium/xcelium23.09.001/tools/methodology/UVM/CDNS-1.1d/sv/src/macros/uvm_reg_defines.svh [0 ms, 69 lines, SystemVerilog_2012] ...
Loading (188) /cad/cds/xcelium/xcelium23.09.001/tools/methodology/UVM/CDNS-1.1d/sv/src/macros/uvm_deprecated_defines.svh ...
Done /cad/cds/xcelium/xcelium23.09.001/tools/methodology/UVM/CDNS-1.1d/sv/src/macros/uvm_deprecated_defines.svh [1 ms, 251 lines, SystemVerilog_2012] ...
Done /cad/cds/xcelium/xcelium23.09.001/tools/methodology/UVM/CDNS-1.1d/sv/src/uvm_macros.svh [4 ms, 79 lines, SystemVerilog_2012] ...
Done /proj/enigma/users/kirtan/uvm_studio/tb/testbench.sv [1 ms, 70 lines, SystemVerilog_2012] ...
Loading (189) /proj/enigma/users/kirtan/uvm_studio/tb/memory.sv ...
Done /proj/enigma/users/kirtan/uvm_studio/tb/memory.sv [1 ms, 52 lines, SystemVerilog_2012] ...
Loading (190) /proj/enigma/users/kirtan/uvm_studio/tb/mem_if.sv ...
Done /proj/enigma/users/kirtan/uvm_studio/tb/mem_if.sv [1 ms, 51 lines, SystemVerilog_2012] ...
*** Done invocation #3 [46 ms] ***
*** Done parsing [LT 763 ms, PT 822 ms] ***
*** Total number of lines [85 984] ***
*** Warning: SYSTEM_VERILOG_2012: Expecting `endif label 'UVM_CMDLINE_PROCESSOR_SV' found 'UVM_CMDLINE_PROC_PKG_SV'
    at line 434 in /cad/cds/xcelium/xcelium23.09.001/tools/methodology/UVM/CDNS-1.1d/sv/src/base/uvm_cmdline_processor.svh:434 [compile index 1][invocation 1]
Performing post full build actions ...
Performing post full build step 1 (SRI) [1 ms] ...
Performing post full build step 2 (RI) [14 ms] ...
Performing post full build step 3 (RCP) [13 ms] ...
*** Files summary [190 total, 159 unique, 2 optimized] ***
*** Done SystemVerilog build [859 ms] ***

*** Start mixed mode extension build ***
Performing mixed post full build step (VLOG - RI) [7 ms] ...
*** Warning: UNSPECIFIED_TOP: Please specify a -top module/entity/configuration in the project build file
*** Top design candidates: work.testbench
Performing mixed post full build step (MIXED - ELAB) [845 ms] ...
Performing mixed post full build step (MIXED - UNEL) [50 ms] ...
*** Warning: WIDTH_MISMATCH_TRUNCATION: Assignment to 'lhs' of '64-bit' type from 'lhs' of '4096-bit' type
    at line 151 in /cad/cds/xcelium/xcelium23.09.001/tools/methodology/UVM/CDNS-1.1d/sv/src/base/uvm_comparer.svh:151 [compile index 34]
*** Warning: WIDTH_MISMATCH_TRUNCATION: Assignment to 'rhs' of '64-bit' type from 'rhs' of '4096-bit' type
    at line 151 in /cad/cds/xcelium/xcelium23.09.001/tools/methodology/UVM/CDNS-1.1d/sv/src/base/uvm_comparer.svh:151 [compile index 34]
*** Warning: WIDTH_MISMATCH_PADDING: Assignment to 'mask' of '64-bit' type from '- 1' of '32-bit' type
    at line 210 in /cad/cds/xcelium/xcelium23.09.001/tools/methodology/UVM/CDNS-1.1d/sv/src/base/uvm_comparer.svh:210 [compile index 34]
*** Warning: WIDTH_MISMATCH_PADDING: Assignment to 'is_non_null' of '8-bit' type from 'm_bits[count +: 4]' of '4-bit' type
    at line 717 in /cad/cds/xcelium/xcelium23.09.001/tools/methodology/UVM/CDNS-1.1d/sv/src/base/uvm_packer.svh:717 [compile index 35]
*** Warning: WIDTH_MISMATCH_TRUNCATION: Assignment to 'value' of '1024-bit' type from 'value' of '4096-bit' type
    at line 138 in /cad/cds/xcelium/xcelium23.09.001/tools/methodology/UVM/CDNS-1.1d/sv/src/base/uvm_recorder.svh:138 [compile index 36]
*** Warning: WIDTH_MISMATCH_PADDING: Assignment to 'value' of '1024-bit' type from 'ival' of '64-bit' type
    at line 152 in /cad/cds/xcelium/xcelium23.09.001/tools/methodology/UVM/CDNS-1.1d/sv/src/base/uvm_recorder.svh:152 [compile index 36]
*** Warning: WIDTH_MISMATCH_PADDING: Assignment to 'value' of '1024-bit' type from 'v' of '32-bit' type
    at line 173 in /cad/cds/xcelium/xcelium23.09.001/tools/methodology/UVM/CDNS-1.1d/sv/src/base/uvm_recorder.svh:173 [compile index 36]
*** Warning: WIDTH_MISMATCH_TRUNCATION: Assignment to 'value' of '1024-bit' type from 'uvm_string_to_bits()' of '115200-bit' type
    at line 196 in /cad/cds/xcelium/xcelium23.09.001/tools/methodology/UVM/CDNS-1.1d/sv/src/base/uvm_recorder.svh:196 [compile index 36]
*** Warning: WIDTH_MISMATCH_PADDING: Assignment to 'value' of '1024-bit' type from 'value' of '64-bit' type
    at line 208 in /cad/cds/xcelium/xcelium23.09.001/tools/methodology/UVM/CDNS-1.1d/sv/src/base/uvm_recorder.svh:208 [compile index 36]
*** Warning: WIDTH_MISMATCH_TRUNCATION: Assignment to 'value' of '1024-bit' type from 'uvm_string_to_bits()' of '115200-bit' type
    at line 221 in /cad/cds/xcelium/xcelium23.09.001/tools/methodology/UVM/CDNS-1.1d/sv/src/base/uvm_recorder.svh:221 [compile index 36]
*** Warning: WIDTH_MISMATCH_PADDING: Assignment to 'verbosity' of '32-bit' type from 'UVM_INFO' of '2-bit' type
    at line 2969 in /cad/cds/xcelium/xcelium23.09.001/tools/methodology/UVM/CDNS-1.1d/sv/src/base/uvm_component.svh:2969 [compile index 54]
*** Warning: WIDTH_MISMATCH_PADDING: Assignment to 'verbosity' of '32-bit' type from 'UVM_INFO' of '2-bit' type
    at line 3086 in /cad/cds/xcelium/xcelium23.09.001/tools/methodology/UVM/CDNS-1.1d/sv/src/base/uvm_component.svh:3086 [compile index 54]
*** Warning: CASE_ITEM_SIGNING_MISMATCH: Comparison between case expression 'recording_detail' of unsigned type and item expression 'UVM_LOW' of signed type
    at line 3134 in /cad/cds/xcelium/xcelium23.09.001/tools/methodology/UVM/CDNS-1.1d/sv/src/base/uvm_component.svh:3134 [compile index 54]
*** Warning: CASE_ITEM_SIGNING_MISMATCH: Comparison between case expression 'recording_detail' of unsigned type and item expression 'UVM_MEDIUM' of signed type
    at line 3136 in /cad/cds/xcelium/xcelium23.09.001/tools/methodology/UVM/CDNS-1.1d/sv/src/base/uvm_component.svh:3136 [compile index 54]
*** Warning: CASE_ITEM_SIGNING_MISMATCH: Comparison between case expression 'recording_detail' of unsigned type and item expression 'UVM_HIGH' of signed type
    at line 3138 in /cad/cds/xcelium/xcelium23.09.001/tools/methodology/UVM/CDNS-1.1d/sv/src/base/uvm_component.svh:3138 [compile index 54]
*** Warning: CASE_ITEM_SIGNING_MISMATCH: Comparison between case expression 'recording_detail' of unsigned type and item expression 'UVM_FULL' of signed type
    at line 3140 in /cad/cds/xcelium/xcelium23.09.001/tools/methodology/UVM/CDNS-1.1d/sv/src/base/uvm_component.svh:3140 [compile index 54]
*** Warning: WIDTH_MISMATCH_TRUNCATION: Assignment to 'recording_detail' of '32-bit' type from 'value' of '4096-bit' type
    at line 3167 in /cad/cds/xcelium/xcelium23.09.001/tools/methodology/UVM/CDNS-1.1d/sv/src/base/uvm_component.svh:3167 [compile index 54]
*** Warning: WIDTH_MISMATCH_PADDING: Assignment to 'offset' of '64-bit' type from 'args[4].atoi()' of '32-bit' type
    at line 3231 in /cad/cds/xcelium/xcelium23.09.001/tools/methodology/UVM/CDNS-1.1d/sv/src/base/uvm_component.svh:3231 [compile index 54]
*** Warning: WIDTH_MISMATCH_TRUNCATION: Assignment to 'replace' of '1-bit' type from 'replace' of '32-bit' type
    at line 729 in /cad/cds/xcelium/xcelium23.09.001/tools/methodology/UVM/CDNS-1.1d/sv/src/base/uvm_root.svh:729 [compile index 55]
*** Warning: WIDTH_MISMATCH_TRUNCATION: Returning '$cast()' of '32-bit' type for function of '1-bit' return type
    at line 204 in /cad/cds/xcelium/xcelium23.09.001/tools/methodology/UVM/CDNS-1.1d/sv/src/base/uvm_callback.svh:204 [compile index 40]
*** Warning: WIDTH_MISMATCH_TRUNCATION: Assignment to 'warned' of '1-bit' type from 'm_cb_find_name()' of '32-bit' type
    at line 253 in /cad/cds/xcelium/xcelium23.09.001/tools/methodology/UVM/CDNS-1.1d/sv/src/base/uvm_callback.svh:253 [compile index 40]
*** Warning: WIDTH_MISMATCH_TRUNCATION: Returning '$cast()' of '32-bit' type for function of '1-bit' return type
    at line 567 in /cad/cds/xcelium/xcelium23.09.001/tools/methodology/UVM/CDNS-1.1d/sv/src/base/uvm_callback.svh:567 [compile index 40]
*** Warning: WIDTH_MISMATCH_TRUNCATION: Assignment to 'report_ok' of '1-bit' type from 'uvm_report_catcher::process_al...' of '32-bit' type
    at line 285 in /cad/cds/xcelium/xcelium23.09.001/tools/methodology/UVM/CDNS-1.1d/sv/src/base/uvm_report_server.svh:285 [compile index 43]
*** Warning: CASE_ITEM_SIGNING_MISMATCH: Comparison between case expression '1' of signed type and item expression '((name == "") && (filename == ...' of unsigned type
    at line 382 in /cad/cds/xcelium/xcelium23.09.001/tools/methodology/UVM/CDNS-1.1d/sv/src/base/uvm_report_server.svh:382 [compile index 43]
*** Warning: CASE_ITEM_SIGNING_MISMATCH: Comparison between case expression '1' of signed type and item expression '((name != "") && (filename == ...' of unsigned type
    at line 384 in /cad/cds/xcelium/xcelium23.09.001/tools/methodology/UVM/CDNS-1.1d/sv/src/base/uvm_report_server.svh:384 [compile index 43]
*** Warning: CASE_ITEM_SIGNING_MISMATCH: Comparison between case expression '1' of signed type and item expression '((name == "") && (filename != ...' of unsigned type
    at line 386 in /cad/cds/xcelium/xcelium23.09.001/tools/methodology/UVM/CDNS-1.1d/sv/src/base/uvm_report_server.svh:386 [compile index 43]
*** Warning: CASE_ITEM_SIGNING_MISMATCH: Comparison between case expression '1' of signed type and item expression '((name != "") && (filename != ...' of unsigned type
    at line 391 in /cad/cds/xcelium/xcelium23.09.001/tools/methodology/UVM/CDNS-1.1d/sv/src/base/uvm_report_server.svh:391 [compile index 43]
*** Warning: WIDTH_MISMATCH_PADDING: Assignment to 'begin_time' of '64-bit' type from '- 1' of '32-bit' type
    at line 466 in /cad/cds/xcelium/xcelium23.09.001/tools/methodology/UVM/CDNS-1.1d/sv/src/base/uvm_transaction.svh:466 [compile index 46]
*** Warning: WIDTH_MISMATCH_PADDING: Assignment to 'end_time' of '64-bit' type from '- 1' of '32-bit' type
    at line 467 in /cad/cds/xcelium/xcelium23.09.001/tools/methodology/UVM/CDNS-1.1d/sv/src/base/uvm_transaction.svh:467 [compile index 46]
*** Warning: WIDTH_MISMATCH_PADDING: Assignment to 'accept_time' of '64-bit' type from '- 1' of '32-bit' type
    at line 468 in /cad/cds/xcelium/xcelium23.09.001/tools/methodology/UVM/CDNS-1.1d/sv/src/base/uvm_transaction.svh:468 [compile index 46]
*** Warning: WIDTH_MISMATCH_TRUNCATION: Returning 'top.uvm_report_enabled()' of '32-bit' type for function of '1-bit' return type
    at line 119 in /cad/cds/xcelium/xcelium23.09.001/tools/methodology/UVM/CDNS-1.1d/sv/src/base/uvm_globals.svh:119 [compile index 58]
*** Warning: NON_STANDARD_STRING_OPERATION: Explicit 'string' cast required of first operand of type 'logic[UVM_LARGE_STRING:0]'
    at line 335 in /cad/cds/xcelium/xcelium23.09.001/tools/methodology/UVM/CDNS-1.1d/sv/src/base/uvm_globals.svh:335 [compile index 58]
*** Warning: NON_STANDARD_STRING_OPERATION: Explicit 'string' cast required of second operand of type 'logic[UVM_LARGE_STRING:0]'
    at line 349 in /cad/cds/xcelium/xcelium23.09.001/tools/methodology/UVM/CDNS-1.1d/sv/src/base/uvm_globals.svh:349 [compile index 58]
*** Warning: NON_STANDARD_BINARY_LOGICAL_OPERATOR: Operand of type 'this_type' not allowed with binary logical operator '&&' (use != null instead)
    at line 714 in /cad/cds/xcelium/xcelium23.09.001/tools/methodology/UVM/CDNS-1.1d/sv/src/base/uvm_port_base.svh:714 [compile index 64]
*** Warning: WIDTH_MISMATCH_TRUNCATION: Assignment to 'scope_separator' of '8-bit' type from 'UVM_DEC' of '32-bit' type
    at line 810 in /cad/cds/xcelium/xcelium23.09.001/tools/methodology/UVM/CDNS-1.1d/sv/src/seq/uvm_sequence_library.svh:810 [compile index 97]
*** Warning: WIDTH_MISMATCH_PADDING: Assignment to 'lhs' of '64-bit' type from 'l_count' of '32-bit' type
    at line 120 in /cad/cds/xcelium/xcelium23.09.001/tools/methodology/UVM/CDNS-1.1d/sv/src/seq/uvm_sequence_builtin.svh:120 [compile index 98]
*** Warning: WIDTH_MISMATCH_PADDING: Assignment to 'rhs' of '64-bit' type from 'l_count' of '32-bit' type
    at line 120 in /cad/cds/xcelium/xcelium23.09.001/tools/methodology/UVM/CDNS-1.1d/sv/src/seq/uvm_sequence_builtin.svh:120 [compile index 98]
*** Warning: WIDTH_MISMATCH_PADDING: Assignment to 'req_kind' of '32-bit' type from 'l_kind' of '10-bit' type
    at line 201 in /cad/cds/xcelium/xcelium23.09.001/tools/methodology/UVM/CDNS-1.1d/sv/src/seq/uvm_sequence_builtin.svh:201 [compile index 98]
*** Warning: WIDTH_MISMATCH_PADDING: Assignment to 'lhs' of '64-bit' type from 'l_count' of '32-bit' type
    at line 221 in /cad/cds/xcelium/xcelium23.09.001/tools/methodology/UVM/CDNS-1.1d/sv/src/seq/uvm_sequence_builtin.svh:221 [compile index 98]
*** Warning: WIDTH_MISMATCH_PADDING: Assignment to 'rhs' of '64-bit' type from 'l_count' of '32-bit' type
    at line 221 in /cad/cds/xcelium/xcelium23.09.001/tools/methodology/UVM/CDNS-1.1d/sv/src/seq/uvm_sequence_builtin.svh:221 [compile index 98]
*** Warning: WIDTH_MISMATCH_TRUNCATION: Assignment to 'be' of '8-bit' type from '- 1' of '32-bit' type
    at line 657 in /cad/cds/xcelium/xcelium23.09.001/tools/methodology/UVM/CDNS-1.1d/sv/src/reg/uvm_reg_field.svh:657 [compile index 116]
*** Warning: WIDTH_MISMATCH_TRUNCATION: Assignment to 'be' of '8-bit' type from '- 1' of '32-bit' type
    at line 684 in /cad/cds/xcelium/xcelium23.09.001/tools/methodology/UVM/CDNS-1.1d/sv/src/reg/uvm_reg_field.svh:684 [compile index 116]
*** Warning: WIDTH_MISMATCH_TRUNCATION: Assignment to 'be' of '8-bit' type from '- 1' of '32-bit' type
    at line 1082 in /cad/cds/xcelium/xcelium23.09.001/tools/methodology/UVM/CDNS-1.1d/sv/src/reg/uvm_reg_field.svh:1082 [compile index 116]
*** Warning: WIDTH_MISMATCH_TRUNCATION: Assignment to 'be' of '8-bit' type from '- 1' of '32-bit' type
    at line 1103 in /cad/cds/xcelium/xcelium23.09.001/tools/methodology/UVM/CDNS-1.1d/sv/src/reg/uvm_reg_field.svh:1103 [compile index 116]
*** Warning: WIDTH_MISMATCH_TRUNCATION: Assignment to 'be' of '8-bit' type from '- 1' of '32-bit' type
    at line 633 in /cad/cds/xcelium/xcelium23.09.001/tools/methodology/UVM/CDNS-1.1d/sv/src/reg/uvm_reg.svh:633 [compile index 118]
*** Warning: WIDTH_MISMATCH_TRUNCATION: Assignment to 'be' of '8-bit' type from '- 1' of '32-bit' type
    at line 682 in /cad/cds/xcelium/xcelium23.09.001/tools/methodology/UVM/CDNS-1.1d/sv/src/reg/uvm_reg.svh:682 [compile index 118]
*** Warning: WIDTH_MISMATCH_PADDING: Assignment to 'offset' of '64-bit' type from '- 1' of '32-bit' type
    at line 1291 in /cad/cds/xcelium/xcelium23.09.001/tools/methodology/UVM/CDNS-1.1d/sv/src/reg/uvm_reg.svh:1291 [compile index 118]
*** Warning: WIDTH_MISMATCH_TRUNCATION: Returning 'm_hdl_paths_pool.exists()' of '32-bit' type for function of '1-bit' return type
    at line 1413 in /cad/cds/xcelium/xcelium23.09.001/tools/methodology/UVM/CDNS-1.1d/sv/src/reg/uvm_reg.svh:1413 [compile index 118]
*** Warning: WIDTH_MISMATCH_PADDING: Returning '- 1' of '32-bit' type for function of '64-bit' return type
    at line 1715 in /cad/cds/xcelium/xcelium23.09.001/tools/methodology/UVM/CDNS-1.1d/sv/src/reg/uvm_reg.svh:1715 [compile index 118]
*** Warning: WIDTH_MISMATCH_PADDING: Returning '- 1' of '32-bit' type for function of '64-bit' return type
    at line 1723 in /cad/cds/xcelium/xcelium23.09.001/tools/methodology/UVM/CDNS-1.1d/sv/src/reg/uvm_reg.svh:1723 [compile index 118]
*** Warning: WIDTH_MISMATCH_TRUNCATION: Assignment to 'be' of '8-bit' type from '- 1' of '32-bit' type
    at line 1936 in /cad/cds/xcelium/xcelium23.09.001/tools/methodology/UVM/CDNS-1.1d/sv/src/reg/uvm_reg.svh:1936 [compile index 118]
*** Warning: WIDTH_MISMATCH_TRUNCATION: Assignment to 'be' of '8-bit' type from '- 1' of '32-bit' type
    at line 1957 in /cad/cds/xcelium/xcelium23.09.001/tools/methodology/UVM/CDNS-1.1d/sv/src/reg/uvm_reg.svh:1957 [compile index 118]
*** Warning: WIDTH_MISMATCH_PADDING: Assignment to 'byte_en' of '64-bit' type from '- 1' of '32-bit' type
    at line 2280 in /cad/cds/xcelium/xcelium23.09.001/tools/methodology/UVM/CDNS-1.1d/sv/src/reg/uvm_reg.svh:2280 [compile index 118]
*** Warning: WIDTH_MISMATCH_PADDING: Assignment to 'byte_en' of '64-bit' type from '- 1' of '32-bit' type
    at line 2540 in /cad/cds/xcelium/xcelium23.09.001/tools/methodology/UVM/CDNS-1.1d/sv/src/reg/uvm_reg.svh:2540 [compile index 118]
*** Warning: WIDTH_MISMATCH_PADDING: Assignment to 'value' of '1024-bit' type from 'rw.value[0]' of '64-bit' type
    at line 2683 in /cad/cds/xcelium/xcelium23.09.001/tools/methodology/UVM/CDNS-1.1d/sv/src/reg/uvm_reg.svh:2683 [compile index 118]
*** Warning: WIDTH_MISMATCH_PADDING: Assignment to 'value' of '1024-bit' type from 'slice' of '64-bit' type
    at line 2690 in /cad/cds/xcelium/xcelium23.09.001/tools/methodology/UVM/CDNS-1.1d/sv/src/reg/uvm_reg.svh:2690 [compile index 118]
*** Warning: WIDTH_MISMATCH_TRUNCATION: Assignment to 'val' of '64-bit' type from 'value' of '1024-bit' type
    at line 2720 in /cad/cds/xcelium/xcelium23.09.001/tools/methodology/UVM/CDNS-1.1d/sv/src/reg/uvm_reg.svh:2720 [compile index 118]
*** Warning: WIDTH_MISMATCH_TRUNCATION: Assignment to 'slice' of '64-bit' type from 'value' of '1024-bit' type
    at line 2727 in /cad/cds/xcelium/xcelium23.09.001/tools/methodology/UVM/CDNS-1.1d/sv/src/reg/uvm_reg.svh:2727 [compile index 118]
*** Warning: WIDTH_MISMATCH_TRUNCATION: Assignment to 'offset' of '32-bit' type from 'parent_map.get_submap_offset()' of '64-bit' type
    at line 3015 in /cad/cds/xcelium/xcelium23.09.001/tools/methodology/UVM/CDNS-1.1d/sv/src/reg/uvm_reg.svh:3015 [compile index 118]
*** Warning: WIDTH_MISMATCH_TRUNCATION: Assignment to 'offset' of '32-bit' type from 'this_map.get_base_addr()' of '64-bit' type
    at line 3015 in /cad/cds/xcelium/xcelium23.09.001/tools/methodology/UVM/CDNS-1.1d/sv/src/reg/uvm_reg.svh:3015 [compile index 118]
*** Warning: WIDTH_MISMATCH_TRUNCATION: Returning 'hdl_paths_pool.exists()' of '32-bit' type for function of '1-bit' return type
    at line 304 in /cad/cds/xcelium/xcelium23.09.001/tools/methodology/UVM/CDNS-1.1d/sv/src/reg/uvm_reg_file.svh:304 [compile index 121]
*** Warning: WIDTH_MISMATCH_TRUNCATION: Returning 'size' of '64-bit' type for function of '32-bit' return type
    at line 1095 in /cad/cds/xcelium/xcelium23.09.001/tools/methodology/UVM/CDNS-1.1d/sv/src/reg/uvm_vreg.svh:1095 [compile index 123]
*** Warning: WIDTH_MISMATCH_TRUNCATION: Returning 'hdl_paths_pool.exists()' of '32-bit' type for function of '1-bit' return type
    at line 2006 in /cad/cds/xcelium/xcelium23.09.001/tools/methodology/UVM/CDNS-1.1d/sv/src/reg/uvm_reg_block.svh:2006 [compile index 126]
*** Warning: WIDTH_MISMATCH_TRUNCATION: Returning 'root_hdl_paths.exists()' of '32-bit' type for function of '1-bit' return type
    at line 2123 in /cad/cds/xcelium/xcelium23.09.001/tools/methodology/UVM/CDNS-1.1d/sv/src/reg/uvm_reg_block.svh:2123 [compile index 126]
*** Warning: WIDTH_MISMATCH_PADDING: Returning '- 1' of '32-bit' type for function of '64-bit' return type
    at line 1218 in /cad/cds/xcelium/xcelium23.09.001/tools/methodology/UVM/CDNS-1.1d/sv/src/reg/uvm_mem.svh:1218 [compile index 124]
*** Warning: WIDTH_MISMATCH_PADDING: Returning '- 1' of '32-bit' type for function of '64-bit' return type
    at line 1226 in /cad/cds/xcelium/xcelium23.09.001/tools/methodology/UVM/CDNS-1.1d/sv/src/reg/uvm_mem.svh:1226 [compile index 124]
*** Warning: WIDTH_MISMATCH_TRUNCATION: Assignment to 'slice' of '64-bit' type from 'value' of '1024-bit' type
    at line 2074 in /cad/cds/xcelium/xcelium23.09.001/tools/methodology/UVM/CDNS-1.1d/sv/src/reg/uvm_mem.svh:2074 [compile index 124]
*** Warning: WIDTH_MISMATCH_TRUNCATION: Assignment to 'rw.value[mem_idx]' of '64-bit' type from 'val' of '1024-bit' type
    at line 2085 in /cad/cds/xcelium/xcelium23.09.001/tools/methodology/UVM/CDNS-1.1d/sv/src/reg/uvm_mem.svh:2085 [compile index 124]
*** Warning: WIDTH_MISMATCH_PADDING: Assignment to 'value' of '1024-bit' type from 'rw.value[mem_idx]' of '64-bit' type
    at line 2128 in /cad/cds/xcelium/xcelium23.09.001/tools/methodology/UVM/CDNS-1.1d/sv/src/reg/uvm_mem.svh:2128 [compile index 124]
*** Warning: WIDTH_MISMATCH_PADDING: Assignment to 'value' of '1024-bit' type from 'slice' of '64-bit' type
    at line 2135 in /cad/cds/xcelium/xcelium23.09.001/tools/methodology/UVM/CDNS-1.1d/sv/src/reg/uvm_mem.svh:2135 [compile index 124]
*** Warning: WIDTH_MISMATCH_TRUNCATION: Returning 'm_hdl_paths_pool.exists()' of '32-bit' type for function of '1-bit' return type
    at line 2204 in /cad/cds/xcelium/xcelium23.09.001/tools/methodology/UVM/CDNS-1.1d/sv/src/reg/uvm_mem.svh:2204 [compile index 124]
*** Warning: WIDTH_MISMATCH_TRUNCATION: Assignment to 'offset' of '32-bit' type from 'parent_map.get_submap_offset()' of '64-bit' type
    at line 2325 in /cad/cds/xcelium/xcelium23.09.001/tools/methodology/UVM/CDNS-1.1d/sv/src/reg/uvm_mem.svh:2325 [compile index 124]
*** Warning: WIDTH_MISMATCH_TRUNCATION: Assignment to 'offset' of '32-bit' type from 'this_map.get_base_addr()' of '64-bit' type
    at line 2325 in /cad/cds/xcelium/xcelium23.09.001/tools/methodology/UVM/CDNS-1.1d/sv/src/reg/uvm_mem.svh:2325 [compile index 124]
*** Warning: WIDTH_MISMATCH_PADDING: Assignment to 'offset' of '64-bit' type from '- 1' of '32-bit' type
    at line 809 in /cad/cds/xcelium/xcelium23.09.001/tools/methodology/UVM/CDNS-1.1d/sv/src/reg/uvm_reg_map.svh:809 [compile index 125]
*** Warning: WIDTH_MISMATCH_PADDING: Assignment to 'offset' of '64-bit' type from '- 1' of '32-bit' type
    at line 942 in /cad/cds/xcelium/xcelium23.09.001/tools/methodology/UVM/CDNS-1.1d/sv/src/reg/uvm_reg_map.svh:942 [compile index 125]
*** Warning: WIDTH_MISMATCH_PADDING: Returning '- 1' of '32-bit' type for function of '64-bit' return type
    at line 1500 in /cad/cds/xcelium/xcelium23.09.001/tools/methodology/UVM/CDNS-1.1d/sv/src/reg/uvm_reg_map.svh:1500 [compile index 125]
*** Warning: WIDTH_MISMATCH_PADDING: Returning '- 1' of '32-bit' type for function of '64-bit' return type
    at line 1505 in /cad/cds/xcelium/xcelium23.09.001/tools/methodology/UVM/CDNS-1.1d/sv/src/reg/uvm_reg_map.svh:1505 [compile index 125]
*** Warning: WIDTH_MISMATCH_TRUNCATION: Assignment to 'byte_en' of '8-bit' type from '- 1' of '32-bit' type
    at line 1811 in /cad/cds/xcelium/xcelium23.09.001/tools/methodology/UVM/CDNS-1.1d/sv/src/reg/uvm_reg_map.svh:1811 [compile index 125]
*** Warning: WIDTH_MISMATCH_TRUNCATION: Assignment to 'byte_en' of '8-bit' type from '- 1' of '32-bit' type
    at line 1943 in /cad/cds/xcelium/xcelium23.09.001/tools/methodology/UVM/CDNS-1.1d/sv/src/reg/uvm_reg_map.svh:1943 [compile index 125]
*** Warning: WIDTH_MISMATCH_PADDING: Assignment to 'offset' of '64-bit' type from '- 1' of '32-bit' type
    at line 110 in /cad/cds/xcelium/xcelium23.09.001/tools/methodology/UVM/CDNS-1.1d/sv/src/reg/uvm_reg_indirect.svh:110 [compile index 119]
*** Warning: WIDTH_MISMATCH_TRUNCATION: Assignment to 'be' of '8-bit' type from '- 1' of '32-bit' type
    at line 116 in /cad/cds/xcelium/xcelium23.09.001/tools/methodology/UVM/CDNS-1.1d/sv/src/reg/uvm_reg_indirect.svh:116 [compile index 119]
*** Warning: WIDTH_MISMATCH_TRUNCATION: Assignment to 'idx' of '32-bit' type from 'm_idx.get()' of '64-bit' type
    at line 125 in /cad/cds/xcelium/xcelium23.09.001/tools/methodology/UVM/CDNS-1.1d/sv/src/reg/uvm_reg_indirect.svh:125 [compile index 119]
*** Warning: WIDTH_MISMATCH_TRUNCATION: Assignment to 'idx' of '32-bit' type from 'm_idx.get_mirrored_value()' of '64-bit' type
    at line 156 in /cad/cds/xcelium/xcelium23.09.001/tools/methodology/UVM/CDNS-1.1d/sv/src/reg/uvm_reg_indirect.svh:156 [compile index 119]
*** Warning: WIDTH_MISMATCH_PADDING: Assignment to 'rw.value[0]' of '64-bit' type from 'm_idx' of '32-bit' type
    at line 303 in /cad/cds/xcelium/xcelium23.09.001/tools/methodology/UVM/CDNS-1.1d/sv/src/reg/uvm_reg_indirect.svh:303 [compile index 119]
*** Warning: WIDTH_MISMATCH_PADDING: Assignment to 'gp.m_byte_enable[i]' of '8-bit' type from '1'b0' of '1-bit' type
    at line 203 in /cad/cds/xcelium/xcelium23.09.001/tools/methodology/UVM/CDNS-1.1d/sv/src/reg/uvm_reg_adapter.svh:203 [compile index 111]
*** Warning: WIDTH_MISMATCH_PADDING: Assignment to 'gp.m_byte_enable[i]' of '8-bit' type from 'rw.byte_en[i]' of '1-bit' type
    at line 203 in /cad/cds/xcelium/xcelium23.09.001/tools/methodology/UVM/CDNS-1.1d/sv/src/reg/uvm_reg_adapter.svh:203 [compile index 111]
*** Warning: WIDTH_MISMATCH_TRUNCATION: Assignment to 'rw.byte_en[i]' of '1-bit' type from 'gp.m_byte_enable[i]' of '8-bit' type
    at line 239 in /cad/cds/xcelium/xcelium23.09.001/tools/methodology/UVM/CDNS-1.1d/sv/src/reg/uvm_reg_adapter.svh:239 [compile index 111]
*** Warning: WIDTH_MISMATCH_TRUNCATION: Assignment to 'byte_en' of '8-bit' type from '- 1' of '32-bit' type
    at line 149 in /cad/cds/xcelium/xcelium23.09.001/tools/methodology/UVM/CDNS-1.1d/sv/src/reg/uvm_reg_predictor.svh:149 [compile index 112]
*** Warning: WIDTH_MISMATCH_PADDING: Assignment to 'byte_en' of '64-bit' type from 'byte_en' of '8-bit' type
    at line 207 in /cad/cds/xcelium/xcelium23.09.001/tools/methodology/UVM/CDNS-1.1d/sv/src/reg/uvm_reg_predictor.svh:207 [compile index 112]
*** Warning: WIDTH_MISMATCH_PADDING: Assignment to 'reset' of '64-bit' type from '32'h0' of '32-bit' type
    at line 79 in /cad/cds/xcelium/xcelium23.09.001/tools/methodology/UVM/CDNS-1.1d/sv/src/reg/uvm_reg_fifo.svh:79 [compile index 120]
*** Warning: WIDTH_MISMATCH_TRUNCATION: Assignment to 'be' of '8-bit' type from '- 1' of '32-bit' type
    at line 228 in /cad/cds/xcelium/xcelium23.09.001/tools/methodology/UVM/CDNS-1.1d/sv/src/reg/uvm_reg_fifo.svh:228 [compile index 120]
*** Warning: WIDTH_MISMATCH_TRUNCATION: Assignment to 'dc_mask[next_lsb]' of '1-bit' type from 'dc' of '32-bit' type
    at line 118 in /cad/cds/xcelium/xcelium23.09.001/tools/methodology/UVM/CDNS-1.1d/sv/src/reg/sequences/uvm_reg_bit_bash_seq.svh:118 [compile index 128]
*** Warning: WIDTH_MISMATCH_PADDING: Assignment to 'offset' of '64-bit' type from 'k' of '32-bit' type
    at line 127 in /cad/cds/xcelium/xcelium23.09.001/tools/methodology/UVM/CDNS-1.1d/sv/src/reg/sequences/uvm_mem_walk_seq.svh:127 [compile index 129]
*** Warning: WIDTH_MISMATCH_PADDING: Assignment to 'offset' of '64-bit' type from 'k' of '32-bit' type
    at line 157 in /cad/cds/xcelium/xcelium23.09.001/tools/methodology/UVM/CDNS-1.1d/sv/src/reg/sequences/uvm_mem_walk_seq.svh:157 [compile index 129]
*** Warning: WIDTH_MISMATCH_PADDING: Assignment to 'offset' of '64-bit' type from 'k' of '32-bit' type
    at line 116 in /cad/cds/xcelium/xcelium23.09.001/tools/methodology/UVM/CDNS-1.1d/sv/src/reg/sequences/uvm_mem_access_seq.svh:116 [compile index 130]
*** Warning: WIDTH_MISMATCH_PADDING: Assignment to 'offset' of '64-bit' type from 'k' of '32-bit' type
    at line 124 in /cad/cds/xcelium/xcelium23.09.001/tools/methodology/UVM/CDNS-1.1d/sv/src/reg/sequences/uvm_mem_access_seq.svh:124 [compile index 130]
*** Warning: WIDTH_MISMATCH_PADDING: Assignment to 'offset' of '64-bit' type from 'k' of '32-bit' type
    at line 132 in /cad/cds/xcelium/xcelium23.09.001/tools/methodology/UVM/CDNS-1.1d/sv/src/reg/sequences/uvm_mem_access_seq.svh:132 [compile index 130]
*** Warning: WIDTH_MISMATCH_PADDING: Assignment to 'offset' of '64-bit' type from 'k' of '32-bit' type
    at line 145 in /cad/cds/xcelium/xcelium23.09.001/tools/methodology/UVM/CDNS-1.1d/sv/src/reg/sequences/uvm_mem_access_seq.svh:145 [compile index 130]
*** Warning: WIDTH_MISMATCH_PADDING: Assignment to 'offset' of '64-bit' type from 'k' of '32-bit' type
    at line 151 in /cad/cds/xcelium/xcelium23.09.001/tools/methodology/UVM/CDNS-1.1d/sv/src/reg/sequences/uvm_mem_access_seq.svh:151 [compile index 130]
*** Warning: WIDTH_MISMATCH_PADDING: Assignment to 'offset' of '64-bit' type from 'offset' of '32-bit' type
    at line 274 in /cad/cds/xcelium/xcelium23.09.001/tools/methodology/UVM/CDNS-1.1d/sv/src/reg/sequences/uvm_reg_mem_shared_access_seq.svh:274 [compile index 132]
*** Warning: WIDTH_MISMATCH_PADDING: Assignment to 'offset' of '64-bit' type from 'offset' of '32-bit' type
    at line 281 in /cad/cds/xcelium/xcelium23.09.001/tools/methodology/UVM/CDNS-1.1d/sv/src/reg/sequences/uvm_reg_mem_shared_access_seq.svh:281 [compile index 132]
*** Warning: WIDTH_MISMATCH_PADDING: Assignment to 'offset' of '64-bit' type from 'offset' of '32-bit' type
    at line 293 in /cad/cds/xcelium/xcelium23.09.001/tools/methodology/UVM/CDNS-1.1d/sv/src/reg/sequences/uvm_reg_mem_shared_access_seq.svh:293 [compile index 132]
*** Warning: WIDTH_MISMATCH_PADDING: Assignment to 'offset' of '64-bit' type from 'offset' of '32-bit' type
    at line 303 in /cad/cds/xcelium/xcelium23.09.001/tools/methodology/UVM/CDNS-1.1d/sv/src/reg/sequences/uvm_reg_mem_shared_access_seq.svh:303 [compile index 132]
*** Warning: WIDTH_MISMATCH_TRUNCATION: Assignment to 'd' of '64-bit' type from 'value' of '1024-bit' type
    at line 138 in /cad/cds/xcelium/xcelium23.09.001/tools/methodology/UVM/CDNS-1.1d/sv/src/reg/sequences/uvm_reg_mem_hdl_paths_seq.svh:138 [compile index 134]
*** Warning: UNUSED_RETURN_VALUE: The return value of function 'randomize' is not used
    at line 34 in /proj/enigma/users/kirtan/uvm_studio/uvm/tests/base_test.sv:34 [compile index 174]
*** Warning: WIDTH_MISMATCH_TRUNCATION: Assignment to 'addr' of '8-bit' type from 'i' of '32-bit' type
    at line 22 in /proj/enigma/users/kirtan/uvm_studio/uvm/sequences/base_sequence.sv:22 [compile index 173]
*** Warning: WIDTH_MISMATCH_TRUNCATION: Assignment to 'wdata' of '8-bit' type from 'i' of '32-bit' type
    at line 23 in /proj/enigma/users/kirtan/uvm_studio/uvm/sequences/base_sequence.sv:23 [compile index 173]
*** Warning: WIDTH_MISMATCH_TRUNCATION: Assignment to 'addr' of '8-bit' type from 'i' of '32-bit' type
    at line 32 in /proj/enigma/users/kirtan/uvm_studio/uvm/sequences/base_sequence.sv:32 [compile index 173]
*** Warning: ASSIGNMENT_BLOCKING: Blocking assignment of 'mem[i]' in sequential logic (use non-blocking assignment)
    at line 41 in /proj/enigma/users/kirtan/uvm_studio/tb/memory.sv:41 [compile index 189]
*** Warning: UNELABORATED_PACKAGE: Package 'work.cdns_uvmapi' is not elaborated
    at line 5 in /cad/cds/xcelium/xcelium23.09.001/tools/methodology/UVM/CDNS-1.1d/additions/sv/cdns_uvmapi.svp:5 [compile index 136]
*** Warning: UNELABORATED_PACKAGE: Package 'work.uvm_nowarn_from_cmdline' is not elaborated
    at line 25 in /cad/cds/xcelium/xcelium23.09.001/tools/methodology/UVM/CDNS-1.1d/additions/sv/cdns_uvm_ext.sv:25 [compile index 137]
*** Warning: UNELABORATED_PACKAGE: Package 'work.cdns_assert2uvm_pkg' is not elaborated
    at line 25 in /cad/cds/xcelium/xcelium23.09.001/tools/methodology/UVM/CDNS-1.1d/additions/sv/cdns_assert2uvm_pkg.sv:25 [compile index 138]
*** Warning: UNELABORATED_PACKAGE: Package 'work.cdns_uvm_pkg' is not elaborated
    at line 29 in /cad/cds/xcelium/xcelium23.09.001/tools/methodology/UVM/CDNS-1.1d/additions/sv/cdns_uvm_pkg.sv:29 [compile index 135]
*** Warning: UNELABORATED_PACKAGE: Package 'work.cdns_uvm_addons' is not elaborated
    at line 40 in /cad/cds/xcelium/xcelium23.09.001/tools/methodology/UVM/CDNS-1.1d/additions/sv/cdns_uvm_pkg.sv:40 [compile index 135]
*** Warning: UNDECLARED_SYSTEM_METHOD: System task or function '$sdi_create_fiber' is not declared
    at line 75 in /cad/cds/xcelium/xcelium23.09.001/tools/methodology/UVM/CDNS-1.1d/additions/sv/cdns_recording.svh:75 [compile index 141]
*** Warning: UNDECLARED_SYSTEM_METHOD: System task or function '$sdi_create_fiber' is not declared
    at line 77 in /cad/cds/xcelium/xcelium23.09.001/tools/methodology/UVM/CDNS-1.1d/additions/sv/cdns_recording.svh:77 [compile index 141]
*** Warning: UNDECLARED_SYSTEM_METHOD: System task or function '$sdi_set_attribute_by_name' is not declared
    at line 115 in /cad/cds/xcelium/xcelium23.09.001/tools/methodology/UVM/CDNS-1.1d/additions/sv/cdns_recording.svh:115 [compile index 141]
*** Warning: UNDECLARED_SYSTEM_METHOD: System task or function '$sdi_set_attribute_by_name' is not declared
    at line 117 in /cad/cds/xcelium/xcelium23.09.001/tools/methodology/UVM/CDNS-1.1d/additions/sv/cdns_recording.svh:117 [compile index 141]
*** Warning: UNDECLARED_SYSTEM_METHOD: System task or function '$sdi_check_handle_kind' is not declared
    at line 122 in /cad/cds/xcelium/xcelium23.09.001/tools/methodology/UVM/CDNS-1.1d/additions/sv/cdns_recording.svh:122 [compile index 141]
*** Warning: UNDECLARED_SYSTEM_METHOD: System task or function '$sdi_transaction' is not declared
    at line 152 in /cad/cds/xcelium/xcelium23.09.001/tools/methodology/UVM/CDNS-1.1d/additions/sv/cdns_recording.svh:152 [compile index 141]
*** Warning: UNDECLARED_SYSTEM_METHOD: System task or function '$sdi_transaction' is not declared
    at line 154 in /cad/cds/xcelium/xcelium23.09.001/tools/methodology/UVM/CDNS-1.1d/additions/sv/cdns_recording.svh:154 [compile index 141]
*** Warning: UNDECLARED_SYSTEM_METHOD: System task or function '$sdi_transaction' is not declared
    at line 158 in /cad/cds/xcelium/xcelium23.09.001/tools/methodology/UVM/CDNS-1.1d/additions/sv/cdns_recording.svh:158 [compile index 141]
*** Warning: UNDECLARED_SYSTEM_METHOD: System task or function '$sdi_transaction' is not declared
    at line 160 in /cad/cds/xcelium/xcelium23.09.001/tools/methodology/UVM/CDNS-1.1d/additions/sv/cdns_recording.svh:160 [compile index 141]
*** Warning: UNDECLARED_SYSTEM_METHOD: System task or function '$sdi_transaction' is not declared
    at line 166 in /cad/cds/xcelium/xcelium23.09.001/tools/methodology/UVM/CDNS-1.1d/additions/sv/cdns_recording.svh:166 [compile index 141]
*** Warning: UNDECLARED_SYSTEM_METHOD: System task or function '$sdi_transaction' is not declared
    at line 168 in /cad/cds/xcelium/xcelium23.09.001/tools/methodology/UVM/CDNS-1.1d/additions/sv/cdns_recording.svh:168 [compile index 141]
*** Warning: UNDECLARED_SYSTEM_METHOD: System task or function '$sdi_transaction' is not declared
    at line 172 in /cad/cds/xcelium/xcelium23.09.001/tools/methodology/UVM/CDNS-1.1d/additions/sv/cdns_recording.svh:172 [compile index 141]
*** Warning: UNDECLARED_SYSTEM_METHOD: System task or function '$sdi_transaction' is not declared
    at line 174 in /cad/cds/xcelium/xcelium23.09.001/tools/methodology/UVM/CDNS-1.1d/additions/sv/cdns_recording.svh:174 [compile index 141]
*** Warning: UNDECLARED_SYSTEM_METHOD: System task or function '$sdi_end_transaction' is not declared
    at line 184 in /cad/cds/xcelium/xcelium23.09.001/tools/methodology/UVM/CDNS-1.1d/additions/sv/cdns_recording.svh:184 [compile index 141]
*** Warning: UNDECLARED_SYSTEM_METHOD: System task or function '$sdi_end_transaction' is not declared
    at line 186 in /cad/cds/xcelium/xcelium23.09.001/tools/methodology/UVM/CDNS-1.1d/additions/sv/cdns_recording.svh:186 [compile index 141]
*** Warning: NON_STANDARD_STRING_OPERATION: Explicit 'string' cast required of second operand of type 'logic[UVM_LARGE_STRING:0]'
    at line 193 in /cad/cds/xcelium/xcelium23.09.001/tools/methodology/UVM/CDNS-1.1d/additions/sv/cdns_recording.svh:193 [compile index 141]
*** Warning: UNDECLARED_SYSTEM_METHOD: System task or function '$sdi_link_transaction' is not declared
    at line 196 in /cad/cds/xcelium/xcelium23.09.001/tools/methodology/UVM/CDNS-1.1d/additions/sv/cdns_recording.svh:196 [compile index 141]
*** Warning: UNDECLARED_SYSTEM_METHOD: System task or function '$sdi_link_transaction' is not declared
    at line 197 in /cad/cds/xcelium/xcelium23.09.001/tools/methodology/UVM/CDNS-1.1d/additions/sv/cdns_recording.svh:197 [compile index 141]
*** Warning: UNDECLARED_SYSTEM_METHOD: System task or function '$sdi_link_transaction' is not declared
    at line 198 in /cad/cds/xcelium/xcelium23.09.001/tools/methodology/UVM/CDNS-1.1d/additions/sv/cdns_recording.svh:198 [compile index 141]
*** Warning: UNDECLARED_SYSTEM_METHOD: System task or function '$sdi_free_transaction_handle' is not declared
    at line 205 in /cad/cds/xcelium/xcelium23.09.001/tools/methodology/UVM/CDNS-1.1d/additions/sv/cdns_recording.svh:205 [compile index 141]
*** Warning: UNDECLARED_SYSTEM_METHOD: System task or function '$uvm_set_access' is not declared
    at line 149 in /cad/cds/xcelium/xcelium23.09.001/tools/methodology/UVM/CDNS-1.1d/additions/sv/cdns_tcl.svh:149 [compile index 143]
*** Warning: NON_STANDARD_LOGICAL_NEGATION: Operand of type 'uvm_table_printer' not allowed with logical negation '!' (use == null instead)
    at line 161 in /cad/cds/xcelium/xcelium23.09.001/tools/methodology/UVM/CDNS-1.1d/additions/sv/cdns_tcl.svh:161 [compile index 143]
*** Warning: UNDECLARED_SYSTEM_METHOD: System task or function '$uvm_set_access' is not declared
    at line 191 in /cad/cds/xcelium/xcelium23.09.001/tools/methodology/UVM/CDNS-1.1d/additions/sv/cdns_tcl.svh:191 [compile index 143]
*** Warning: NON_STANDARD_LOGICAL_NEGATION: Operand of type 'uvm_table_printer' not allowed with logical negation '!' (use == null instead)
    at line 194 in /cad/cds/xcelium/xcelium23.09.001/tools/methodology/UVM/CDNS-1.1d/additions/sv/cdns_tcl.svh:194 [compile index 143]
*** Warning: NON_STANDARD_LOGICAL_NEGATION: Operand of type 'cdns_hierarchy_only_printer' not allowed with logical negation '!' (use == null instead)
    at line 199 in /cad/cds/xcelium/xcelium23.09.001/tools/methodology/UVM/CDNS-1.1d/additions/sv/cdns_tcl.svh:199 [compile index 143]
*** Warning: UNDECLARED_SYSTEM_METHOD: System task or function '$uvm_set_access' is not declared
    at line 922 in /cad/cds/xcelium/xcelium23.09.001/tools/methodology/UVM/CDNS-1.1d/additions/sv/cdns_tcl.svh:922 [compile index 143]
*** Warning: UNDECLARED_SYSTEM_METHOD: System task or function '$uvm_set_access' is not declared
    at line 634 in /cad/cds/xcelium/xcelium23.09.001/tools/methodology/UVM/CDNS-1.1d/additions/sv/cdns_tcl.svh:634 [compile index 143]
*** Warning: UNDECLARED_SYSTEM_METHOD: System task or function '$uvm_set_access' is not declared
    at line 635 in /cad/cds/xcelium/xcelium23.09.001/tools/methodology/UVM/CDNS-1.1d/additions/sv/cdns_tcl.svh:635 [compile index 143]
*** Warning: UNDECLARED_SYSTEM_METHOD: System task or function '$uvm_set_access' is not declared
    at line 636 in /cad/cds/xcelium/xcelium23.09.001/tools/methodology/UVM/CDNS-1.1d/additions/sv/cdns_tcl.svh:636 [compile index 143]
*** Warning: UNDECLARED_SYSTEM_METHOD: System task or function '$uvm_set_access' is not declared
    at line 637 in /cad/cds/xcelium/xcelium23.09.001/tools/methodology/UVM/CDNS-1.1d/additions/sv/cdns_tcl.svh:637 [compile index 143]
*** Warning: NON_STANDARD_LOGICAL_NEGATION: Operand of type 'uvm_reg_block' not allowed with logical negation '!' (use == null instead)
    at line 144 in /cad/cds/xcelium/xcelium23.09.001/tools/methodology/UVM/CDNS-1.1d/additions/sv/reg/uvm_reg_built_in_base_seq.sv:144 [compile index 146]
*** Warning: NON_STANDARD_LOGICAL_NEGATION: Operand of type 'uvm_reg' not allowed with logical negation '!' (use == null instead)
    at line 320 in /cad/cds/xcelium/xcelium23.09.001/tools/methodology/UVM/CDNS-1.1d/additions/sv/reg/uvm_reg_built_in_base_seq.sv:320 [compile index 146]
*** Warning: NON_STANDARD_LOGICAL_NEGATION: Operand of type 'uvm_reg' not allowed with logical negation '!' (use == null instead)
    at line 324 in /cad/cds/xcelium/xcelium23.09.001/tools/methodology/UVM/CDNS-1.1d/additions/sv/reg/uvm_reg_built_in_base_seq.sv:324 [compile index 146]
*** Warning: NON_STANDARD_LOGICAL_NEGATION: Operand of type 'uvm_reg' not allowed with logical negation '!' (use == null instead)
    at line 333 in /cad/cds/xcelium/xcelium23.09.001/tools/methodology/UVM/CDNS-1.1d/additions/sv/reg/uvm_reg_built_in_base_seq.sv:333 [compile index 146]
*** Warning: NON_STANDARD_LOGICAL_NEGATION: Operand of type 'uvm_reg' not allowed with logical negation '!' (use == null instead)
    at line 341 in /cad/cds/xcelium/xcelium23.09.001/tools/methodology/UVM/CDNS-1.1d/additions/sv/reg/uvm_reg_built_in_base_seq.sv:341 [compile index 146]
*** Warning: NON_STANDARD_LOGICAL_NEGATION: Operand of type 'uvm_reg' not allowed with logical negation '!' (use == null instead)
    at line 349 in /cad/cds/xcelium/xcelium23.09.001/tools/methodology/UVM/CDNS-1.1d/additions/sv/reg/uvm_reg_built_in_base_seq.sv:349 [compile index 146]
*** Warning: NON_STANDARD_LOGICAL_NEGATION: Operand of type 'uvm_reg' not allowed with logical negation '!' (use == null instead)
    at line 351 in /cad/cds/xcelium/xcelium23.09.001/tools/methodology/UVM/CDNS-1.1d/additions/sv/reg/uvm_reg_built_in_base_seq.sv:351 [compile index 146]
*** Warning: NON_STANDARD_LOGICAL_NEGATION: Operand of type 'uvm_reg' not allowed with logical negation '!' (use == null instead)
    at line 363 in /cad/cds/xcelium/xcelium23.09.001/tools/methodology/UVM/CDNS-1.1d/additions/sv/reg/uvm_reg_built_in_base_seq.sv:363 [compile index 146]
*** Warning: NON_STANDARD_LOGICAL_NEGATION: Operand of type 'uvm_reg' not allowed with logical negation '!' (use == null instead)
    at line 365 in /cad/cds/xcelium/xcelium23.09.001/tools/methodology/UVM/CDNS-1.1d/additions/sv/reg/uvm_reg_built_in_base_seq.sv:365 [compile index 146]
Performing mixed post full build step (VLOG - RD) [24 ms] ...
Performing mixed post full build step (VLOG - US) [50 ms] ...
*** Warning: NON_STANDARD_ANSI_PORT_REDECLARATION: Redeclaration of ANSI port 'rdata' is not allowed
    at line 34 in /proj/enigma/users/kirtan/uvm_studio/tb/memory.sv:34 [compile index 189]
*** Done mixed mode extension build [1s.006ms] ***
*** Total build time [1s.881ms] ***
